<?xml version="1.0" encoding="utf-8"?>
<shfbBuild product="Sandcastle Help File Builder and Tools" version="2018.5.29.0" projectFile="D:\Nexpaq\xamarin-mobile-application-sisko\NexpaqCore\ModuwareApiReference.shfbproj" started="7/11/2018 12:42:31 PM">
<buildStep step="Initializing">
Finding tools...
The Sandcastle tools are located in &#39;C:\Program Files (x86)\EWSoftware\Sandcastle Help File Builder\&#39;
Locating components in the following folder(s):
    D:\Nexpaq\xamarin-mobile-application-sisko\NexpaqCore
    C:\ProgramData\EWSoftware\Sandcastle Help File Builder\Components and Plug-Ins\
    C:\Program Files (x86)\EWSoftware\Sandcastle Help File Builder\
Using framework reflection data for &#39;.NET Framework 4.5&#39; located in &#39;C:\Program Files (x86)\EWSoftware\Sandcastle Help File Builder\Data\.NETFramework&#39;
Using presentation style &#39;VS2013&#39; located in &#39;C:\Program Files (x86)\EWSoftware\Sandcastle Help File Builder\PresentationStyles\VS2013&#39;
Loading and initializing plug-ins...
Lightweight Website Style Version 2018.5.29.0
Copyright &#169; 2006-2018, Eric Woodruff, All Rights Reserved
Portions Copyright &#169; 2014, Sam Harwell, All Rights Reserved
-------------------------------
Clearing any prior web/markdown output...
</buildStep>
<buildStep step="ValidatingDocumentationSources">
Validating and copying documentation source information
Source: D:\Nexpaq\xamarin-mobile-application-sisko\NexpaqCore\bin\Debug\NexpaqCore.XML
Source: D:\Nexpaq\xamarin-mobile-application-sisko\NexpaqCore\bin\Debug\NexpaqCore.dll
    Found assembly &#39;D:\Nexpaq\xamarin-mobile-application-sisko\NexpaqCore\bin\Debug\NexpaqCore.dll&#39;

Copying XML comments files
    D:\Nexpaq\xamarin-mobile-application-sisko\NexpaqCore\bin\Debug\NexpaqCore.XML -&gt; D:\Nexpaq\xamarin-mobile-application-sisko\NexpaqCore\ModuwareApiReferenceDocs\Working\NexpaqCore.XML
</buildStep>
<buildStep step="GenerateSharedContent">
Generating shared content files (en-US, English (United States))...
<plugIn name="Lightweight Website Style" behavior="After" priority="1000">
</plugIn>    Last step completed in 00:00:00.0650
</buildStep>
<buildStep step="GenerateApiFilter">
Generating API filter for MRefBuilder...
    Last step completed in 00:00:00.0370
</buildStep>
<buildStep step="GenerateReflectionInfo">
Generating reflection information...
[C:\Program Files (x86)\MSBuild\14.0\bin\amd64\MSBuild.exe - GenerateRefInfo.proj]
Build started 7/11/2018 12:42:33 PM.
Project &quot;D:\Nexpaq\xamarin-mobile-application-sisko\NexpaqCore\ModuwareApiReferenceDocs\Working\GenerateRefInfo.proj&quot; on node 1 (default targets).
PrepareForBuild:
  Creating directory &quot;obj\Debug\&quot;.
GenerateRefInfo:
  MRefBuilder (v2018.5.29.0)
  Copyright c 2006-2018, Microsoft Corporation, All Rights Reserved.
  Portions Copyright c 2006-2018, Eric Woodruff, All Rights Reserved.
  No source code context base path specified.  Source context information is unavailable.
  Loaded 1 assemblies for reflection and 1 dependency assemblies.
  Wrote information on 3 namespaces, 23 types, and 143 members
  Copying file from &quot;reflection.org&quot; to &quot;reflection.all&quot;.
  XslTransform (v2018.5.29.0)
  Copyright c 2006-2018, Microsoft Corporation, All Rights Reserved.
  Portions Copyright c 2006-2018, Eric Woodruff, All Rights Reserved.
  Applying XSL transformation &#39;C:\Program Files (x86)\EWSoftware\Sandcastle Help File Builder\ProductionTransforms\MergeDuplicates.xsl&#39;.
Done Building Project &quot;D:\Nexpaq\xamarin-mobile-application-sisko\NexpaqCore\ModuwareApiReferenceDocs\Working\GenerateRefInfo.proj&quot; (default targets).

Build succeeded.

Time Elapsed 00:00:06.71
    Last step completed in 00:00:07.1790
</buildStep>
<buildStep step="TransformReflectionInfo">
Transforming reflection output...
[C:\Program Files (x86)\MSBuild\14.0\bin\amd64\MSBuild.exe - TransformManifest.proj]
Build started 7/11/2018 12:42:40 PM.
Project &quot;D:\Nexpaq\xamarin-mobile-application-sisko\NexpaqCore\ModuwareApiReferenceDocs\Working\TransformManifest.proj&quot; on node 1 (default targets).
TransformManifest:
  XslTransform (v2018.5.29.0)
  Copyright c 2006-2018, Microsoft Corporation, All Rights Reserved.
  Portions Copyright c 2006-2018, Eric Woodruff, All Rights Reserved.
  Applying XSL transformation &#39;C:\Program Files (x86)\EWSoftware\Sandcastle Help File Builder\\ProductionTransforms\ApplyVSDocModel.xsl&#39;.
  Copying file from &quot;reflection.xml&quot; to &quot;reflection.nofilenames&quot;.
  XslTransform (v2018.5.29.0)
  Copyright c 2006-2018, Microsoft Corporation, All Rights Reserved.
  Portions Copyright c 2006-2018, Eric Woodruff, All Rights Reserved.
  Applying XSL transformation &#39;C:\Program Files (x86)\EWSoftware\Sandcastle Help File Builder\ProductionTransforms\AddFilenames.xsl&#39;.
  XslTransform (v2018.5.29.0)
  Copyright c 2006-2018, Microsoft Corporation, All Rights Reserved.
  Portions Copyright c 2006-2018, Eric Woodruff, All Rights Reserved.
  Applying XSL transformation &#39;C:\Program Files (x86)\EWSoftware\Sandcastle Help File Builder\ProductionTransforms\ReflectionToManifest.xsl&#39;.
Done Building Project &quot;D:\Nexpaq\xamarin-mobile-application-sisko\NexpaqCore\ModuwareApiReferenceDocs\Working\TransformManifest.proj&quot; (default targets).

Build succeeded.

Time Elapsed 00:00:00.95
    Last step completed in 00:00:01.2940
</buildStep>
<buildStep step="GenerateNamespaceSummaries">
Generating namespace summary information...
    Last step completed in 00:00:00.0460
</buildStep>
<buildStep step="CopyAdditionalContent">
Copying additional content files...
No additional content to copy
    Last step completed in 00:00:00.0000
</buildStep>
<buildStep step="MergeTablesOfContents">
Merging conceptual and additional tables of contents...
    Last step completed in 00:00:00.0000
</buildStep>
<buildStep step="GenerateIntermediateTableOfContents">
Generating intermediate table of contents file...
[C:\Program Files (x86)\MSBuild\14.0\bin\amd64\MSBuild.exe - GenerateIntermediateTOC.proj]
Build started 7/11/2018 12:42:41 PM.
Project &quot;D:\Nexpaq\xamarin-mobile-application-sisko\NexpaqCore\ModuwareApiReferenceDocs\Working\GenerateIntermediateTOC.proj&quot; on node 1 (default targets).
GenerateIntermediateTOC:
  XslTransform (v2018.5.29.0)
  Copyright c 2006-2018, Microsoft Corporation, All Rights Reserved.
  Portions Copyright c 2006-2018, Eric Woodruff, All Rights Reserved.
  Applying XSL transformation &#39;C:\Program Files (x86)\EWSoftware\Sandcastle Help File Builder\\ProductionTransforms\CreateVSToc.xsl&#39;.
Done Building Project &quot;D:\Nexpaq\xamarin-mobile-application-sisko\NexpaqCore\ModuwareApiReferenceDocs\Working\GenerateIntermediateTOC.proj&quot; (default targets).

Build succeeded.

Time Elapsed 00:00:00.22
Generating conceptual content intermediate TOC file...
    Last step completed in 00:00:00.4740
</buildStep>
<buildStep step="CreateBuildAssemblerConfigs">
Creating Sandcastle configuration files...
    sandcastle.config
    Last step completed in 00:00:00.4680
</buildStep>
<buildStep step="MergeCustomConfigs">
Merging custom build component configurations
D:\Nexpaq\xamarin-mobile-application-sisko\NexpaqCore\ModuwareApiReferenceDocs\Working\sandcastle.config
  Updating reference topic configurations.
  No conceptual content.  Removing conceptual content components.
    Last step completed in 00:00:00.0720
</buildStep>
<buildStep step="BuildTopics">
Building help topics...
[C:\Program Files (x86)\MSBuild\14.0\bin\amd64\MSBuild.exe - BuildTopics.proj]
Build started 7/11/2018 12:42:42 PM.
Project &quot;D:\Nexpaq\xamarin-mobile-application-sisko\NexpaqCore\ModuwareApiReferenceDocs\Working\BuildTopics.proj&quot; on node 1 (default targets).
BuildTopics:
  BuildAssembler (v2018.5.29.0)
  Copyright c 2006-2018, Microsoft Corporation, All Rights Reserved.
  Portions Copyright c 2006-2018, Eric Woodruff, All Rights Reserved.
  Loading configuration...
  Processing topics...
BuildAssembler : warning : ResolveReferenceLinksComponent: [N:Nexpaq] Unknown reference link target &#39;T:Nexpaq.ModuleDriver&#39;. [D:\Nexpaq\xamarin-mobile-application-sisko\NexpaqCore\ModuwareApiReferenceDocs\Working\BuildTopics.proj]
BuildAssembler : warning : ResolveReferenceLinksComponent: [N:Nexpaq] Unknown reference link target &#39;T:Nexpaq.ModuleDriverDataItem&#39;. [D:\Nexpaq\xamarin-mobile-application-sisko\NexpaqCore\ModuwareApiReferenceDocs\Working\BuildTopics.proj]
BuildAssembler : warning : ResolveReferenceLinksComponent: [T:Nexpaq.APIs.CloudAPI] Unknown reference link target &#39;T:AssassinEventSystem.Legacy.ErrorClass&#39;. [D:\Nexpaq\xamarin-mobile-application-sisko\NexpaqCore\ModuwareApiReferenceDocs\Working\BuildTopics.proj]
BuildAssembler : warning : ResolveReferenceLinksComponent: [T:Nexpaq.APIs.CloudAPI] Unknown reference link target &#39;T:AssassinEventSystem.API&#39;. [D:\Nexpaq\xamarin-mobile-application-sisko\NexpaqCore\ModuwareApiReferenceDocs\Working\BuildTopics.proj]
BuildAssembler : warning : ResolveReferenceLinksComponent: [T:Nexpaq.APIs.CloudAPI] Unknown reference link target &#39;M:AssassinEventSystem.Legacy.ErrorClass.TriggerError(System.String)&#39;. [D:\Nexpaq\xamarin-mobile-application-sisko\NexpaqCore\ModuwareApiReferenceDocs\Working\BuildTopics.proj]
BuildAssembler : warning : ResolveReferenceLinksComponent: [T:Nexpaq.APIs.CloudAPI] Unknown reference link target &#39;T:AssassinEventSystem.Legacy.ErrorClass&#39;. [D:\Nexpaq\xamarin-mobile-application-sisko\NexpaqCore\ModuwareApiReferenceDocs\Working\BuildTopics.proj]
BuildAssembler : warning : ResolveReferenceLinksComponent: [T:Nexpaq.APIs.CloudAPI] Unknown reference link target &#39;E:AssassinEventSystem.Legacy.ErrorClass.Error&#39;. [D:\Nexpaq\xamarin-mobile-application-sisko\NexpaqCore\ModuwareApiReferenceDocs\Working\BuildTopics.proj]
BuildAssembler : warning : ResolveReferenceLinksComponent: [T:Nexpaq.APIs.CloudAPI] Unknown reference link target &#39;T:AssassinEventSystem.Legacy.ErrorClass&#39;. [D:\Nexpaq\xamarin-mobile-application-sisko\NexpaqCore\ModuwareApiReferenceDocs\Working\BuildTopics.proj]
BuildAssembler : warning : ResolveReferenceLinksComponent: [Methods.T:Nexpaq.APIs.CloudAPI] Unknown reference link target &#39;M:AssassinEventSystem.Legacy.ErrorClass.TriggerError(System.String)&#39;. [D:\Nexpaq\xamarin-mobile-application-sisko\NexpaqCore\ModuwareApiReferenceDocs\Working\BuildTopics.proj]
BuildAssembler : warning : ResolveReferenceLinksComponent: [Methods.T:Nexpaq.APIs.CloudAPI] Unknown reference link target &#39;T:AssassinEventSystem.Legacy.ErrorClass&#39;. [D:\Nexpaq\xamarin-mobile-application-sisko\NexpaqCore\ModuwareApiReferenceDocs\Working\BuildTopics.proj]
BuildAssembler : warning : ResolveReferenceLinksComponent: [Events.T:Nexpaq.APIs.CloudAPI] Unknown reference link target &#39;E:AssassinEventSystem.Legacy.ErrorClass.Error&#39;. [D:\Nexpaq\xamarin-mobile-application-sisko\NexpaqCore\ModuwareApiReferenceDocs\Working\BuildTopics.proj]
BuildAssembler : warning : ResolveReferenceLinksComponent: [Events.T:Nexpaq.APIs.CloudAPI] Unknown reference link target &#39;T:AssassinEventSystem.Legacy.ErrorClass&#39;. [D:\Nexpaq\xamarin-mobile-application-sisko\NexpaqCore\ModuwareApiReferenceDocs\Working\BuildTopics.proj]
BuildAssembler : warning : ResolveReferenceLinksComponent: [M:Nexpaq.APIs.CloudAPI.RequestProductInfo(Nexpaq.UUID,System.Action{Nexpaq.ProductInfo},System.Action{System.String})] Unknown reference link target &#39;T:Nexpaq.UUID&#39;. [D:\Nexpaq\xamarin-mobile-application-sisko\NexpaqCore\ModuwareApiReferenceDocs\Working\BuildTopics.proj]
BuildAssembler : warning : ResolveReferenceLinksComponent: [M:Nexpaq.APIs.CloudAPI.RequestProductInfo(Nexpaq.UUID,System.Action{Nexpaq.ProductInfo},System.Action{System.String})] Unknown reference link target &#39;T:Nexpaq.ProductInfo&#39;. [D:\Nexpaq\xamarin-mobile-application-sisko\NexpaqCore\ModuwareApiReferenceDocs\Working\BuildTopics.proj]
BuildAssembler : warning : ResolveReferenceLinksComponent: [T:Nexpaq.APIs.DriverAPI] Unknown reference link target &#39;T:AssassinEventSystem.Legacy.ErrorClass&#39;. [D:\Nexpaq\xamarin-mobile-application-sisko\NexpaqCore\ModuwareApiReferenceDocs\Working\BuildTopics.proj]
BuildAssembler : warning : ResolveReferenceLinksComponent: [T:Nexpaq.APIs.DriverAPI] Unknown reference link target &#39;T:AssassinEventSystem.API&#39;. [D:\Nexpaq\xamarin-mobile-application-sisko\NexpaqCore\ModuwareApiReferenceDocs\Working\BuildTopics.proj]
BuildAssembler : warning : ResolveReferenceLinksComponent: [T:Nexpaq.APIs.DriverAPI] Unknown reference link target &#39;M:AssassinEventSystem.Legacy.ErrorClass.TriggerError(System.String)&#39;. [D:\Nexpaq\xamarin-mobile-application-sisko\NexpaqCore\ModuwareApiReferenceDocs\Working\BuildTopics.proj]
BuildAssembler : warning : ResolveReferenceLinksComponent: [T:Nexpaq.APIs.DriverAPI] Unknown reference link target &#39;T:AssassinEventSystem.Legacy.ErrorClass&#39;. [D:\Nexpaq\xamarin-mobile-application-sisko\NexpaqCore\ModuwareApiReferenceDocs\Working\BuildTopics.proj]
BuildAssembler : warning : ResolveReferenceLinksComponent: [T:Nexpaq.APIs.DriverAPI] Unknown reference link target &#39;E:AssassinEventSystem.Legacy.ErrorClass.Error&#39;. [D:\Nexpaq\xamarin-mobile-application-sisko\NexpaqCore\ModuwareApiReferenceDocs\Working\BuildTopics.proj]
BuildAssembler : warning : ResolveReferenceLinksComponent: [T:Nexpaq.APIs.DriverAPI] Unknown reference link target &#39;T:AssassinEventSystem.Legacy.ErrorClass&#39;. [D:\Nexpaq\xamarin-mobile-application-sisko\NexpaqCore\ModuwareApiReferenceDocs\Working\BuildTopics.proj]
BuildAssembler : warning : ResolveReferenceLinksComponent: [Methods.T:Nexpaq.APIs.DriverAPI] Unknown reference link target &#39;M:AssassinEventSystem.Legacy.ErrorClass.TriggerError(System.String)&#39;. [D:\Nexpaq\xamarin-mobile-application-sisko\NexpaqCore\ModuwareApiReferenceDocs\Working\BuildTopics.proj]
BuildAssembler : warning : ResolveReferenceLinksComponent: [Methods.T:Nexpaq.APIs.DriverAPI] Unknown reference link target &#39;T:AssassinEventSystem.Legacy.ErrorClass&#39;. [D:\Nexpaq\xamarin-mobile-application-sisko\NexpaqCore\ModuwareApiReferenceDocs\Working\BuildTopics.proj]
BuildAssembler : warning : ResolveReferenceLinksComponent: [Events.T:Nexpaq.APIs.DriverAPI] Unknown reference link target &#39;E:AssassinEventSystem.Legacy.ErrorClass.Error&#39;. [D:\Nexpaq\xamarin-mobile-application-sisko\NexpaqCore\ModuwareApiReferenceDocs\Working\BuildTopics.proj]
BuildAssembler : warning : ResolveReferenceLinksComponent: [Events.T:Nexpaq.APIs.DriverAPI] Unknown reference link target &#39;T:AssassinEventSystem.Legacy.ErrorClass&#39;. [D:\Nexpaq\xamarin-mobile-application-sisko\NexpaqCore\ModuwareApiReferenceDocs\Working\BuildTopics.proj]
BuildAssembler : warning : ResolveReferenceLinksComponent: [M:Nexpaq.APIs.DriverAPI.#ctor(Nexpaq.APIs.MainAPI,Nexpaq.ModuleDrivers)] Unknown reference link target &#39;T:Nexpaq.ModuleDrivers&#39;. [D:\Nexpaq\xamarin-mobile-application-sisko\NexpaqCore\ModuwareApiReferenceDocs\Working\BuildTopics.proj]
BuildAssembler : warning : ResolveReferenceLinksComponent: [M:Nexpaq.APIs.DriverAPI.Install(Nexpaq.ModuleDriver)] Unknown reference link target &#39;T:Nexpaq.ModuleDriver&#39;. [D:\Nexpaq\xamarin-mobile-application-sisko\NexpaqCore\ModuwareApiReferenceDocs\Working\BuildTopics.proj]
BuildAssembler : warning : ResolveReferenceLinksComponent: [M:Nexpaq.APIs.DriverAPI.Load(Nexpaq.UUID,Nexpaq.ModuleDriver,System.Action)] Unknown reference link target &#39;T:Nexpaq.UUID&#39;. [D:\Nexpaq\xamarin-mobile-application-sisko\NexpaqCore\ModuwareApiReferenceDocs\Working\BuildTopics.proj]
BuildAssembler : warning : ResolveReferenceLinksComponent: [M:Nexpaq.APIs.DriverAPI.Load(Nexpaq.UUID,Nexpaq.ModuleDriver,System.Action)] Unknown reference link target &#39;T:Nexpaq.ModuleDriver&#39;. [D:\Nexpaq\xamarin-mobile-application-sisko\NexpaqCore\ModuwareApiReferenceDocs\Working\BuildTopics.proj]
BuildAssembler : warning : ResolveReferenceLinksComponent: [M:Nexpaq.APIs.DriverAPI.LoadFromJson(Nexpaq.UUID,System.String,System.Action)] Unknown reference link target &#39;T:Nexpaq.UUID&#39;. [D:\Nexpaq\xamarin-mobile-application-sisko\NexpaqCore\ModuwareApiReferenceDocs\Working\BuildTopics.proj]
BuildAssembler : warning : ResolveReferenceLinksComponent: [M:Nexpaq.APIs.DriverAPI.Request(System.String,System.Action{Nexpaq.ModuleDriver},System.Action{System.String})] Unknown reference link target &#39;T:Nexpaq.ModuleDriver&#39;. [D:\Nexpaq\xamarin-mobile-application-sisko\NexpaqCore\ModuwareApiReferenceDocs\Working\BuildTopics.proj]
BuildAssembler : warning : ResolveReferenceLinksComponent: [M:Nexpaq.APIs.DriverAPI.RestoreDefault(Nexpaq.UUID)] Unknown reference link target &#39;T:Nexpaq.UUID&#39;. [D:\Nexpaq\xamarin-mobile-application-sisko\NexpaqCore\ModuwareApiReferenceDocs\Working\BuildTopics.proj]
BuildAssembler : warning : ResolveReferenceLinksComponent: [M:Nexpaq.APIs.DriverAPI.SetToModule(Nexpaq.UUID,System.String)] Unknown reference link target &#39;T:Nexpaq.UUID&#39;. [D:\Nexpaq\xamarin-mobile-application-sisko\NexpaqCore\ModuwareApiReferenceDocs\Working\BuildTopics.proj]
BuildAssembler : warning : ResolveReferenceLinksComponent: [T:Nexpaq.APIs.GatewayAPI] Unknown reference link target &#39;T:AssassinEventSystem.Legacy.ErrorClass&#39;. [D:\Nexpaq\xamarin-mobile-application-sisko\NexpaqCore\ModuwareApiReferenceDocs\Working\BuildTopics.proj]
BuildAssembler : warning : ResolveReferenceLinksComponent: [T:Nexpaq.APIs.GatewayAPI] Unknown reference link target &#39;T:AssassinEventSystem.API&#39;. [D:\Nexpaq\xamarin-mobile-application-sisko\NexpaqCore\ModuwareApiReferenceDocs\Working\BuildTopics.proj]
BuildAssembler : warning : ResolveReferenceLinksComponent: [T:Nexpaq.APIs.GatewayAPI] Unknown reference link target &#39;M:AssassinEventSystem.Legacy.ErrorClass.TriggerError(System.String)&#39;. [D:\Nexpaq\xamarin-mobile-application-sisko\NexpaqCore\ModuwareApiReferenceDocs\Working\BuildTopics.proj]
BuildAssembler : warning : ResolveReferenceLinksComponent: [T:Nexpaq.APIs.GatewayAPI] Unknown reference link target &#39;T:AssassinEventSystem.Legacy.ErrorClass&#39;. [D:\Nexpaq\xamarin-mobile-application-sisko\NexpaqCore\ModuwareApiReferenceDocs\Working\BuildTopics.proj]
BuildAssembler : warning : ResolveReferenceLinksComponent: [T:Nexpaq.APIs.GatewayAPI] Unknown reference link target &#39;E:AssassinEventSystem.Legacy.ErrorClass.Error&#39;. [D:\Nexpaq\xamarin-mobile-application-sisko\NexpaqCore\ModuwareApiReferenceDocs\Working\BuildTopics.proj]
BuildAssembler : warning : ResolveReferenceLinksComponent: [T:Nexpaq.APIs.GatewayAPI] Unknown reference link target &#39;T:AssassinEventSystem.Legacy.ErrorClass&#39;. [D:\Nexpaq\xamarin-mobile-application-sisko\NexpaqCore\ModuwareApiReferenceDocs\Working\BuildTopics.proj]
BuildAssembler : warning : ResolveReferenceLinksComponent: [Methods.T:Nexpaq.APIs.GatewayAPI] Unknown reference link target &#39;M:AssassinEventSystem.Legacy.ErrorClass.TriggerError(System.String)&#39;. [D:\Nexpaq\xamarin-mobile-application-sisko\NexpaqCore\ModuwareApiReferenceDocs\Working\BuildTopics.proj]
BuildAssembler : warning : ResolveReferenceLinksComponent: [Methods.T:Nexpaq.APIs.GatewayAPI] Unknown reference link target &#39;T:AssassinEventSystem.Legacy.ErrorClass&#39;. [D:\Nexpaq\xamarin-mobile-application-sisko\NexpaqCore\ModuwareApiReferenceDocs\Working\BuildTopics.proj]
BuildAssembler : warning : ResolveReferenceLinksComponent: [Events.T:Nexpaq.APIs.GatewayAPI] Unknown reference link target &#39;E:AssassinEventSystem.Legacy.ErrorClass.Error&#39;. [D:\Nexpaq\xamarin-mobile-application-sisko\NexpaqCore\ModuwareApiReferenceDocs\Working\BuildTopics.proj]
BuildAssembler : warning : ResolveReferenceLinksComponent: [Events.T:Nexpaq.APIs.GatewayAPI] Unknown reference link target &#39;T:AssassinEventSystem.Legacy.ErrorClass&#39;. [D:\Nexpaq\xamarin-mobile-application-sisko\NexpaqCore\ModuwareApiReferenceDocs\Working\BuildTopics.proj]
BuildAssembler : warning : ResolveReferenceLinksComponent: [M:Nexpaq.APIs.GatewayAPI.#ctor(Nexpaq.APIs.MainAPI,Nexpaq.Gateways)] Unknown reference link target &#39;T:Nexpaq.Gateways&#39;. [D:\Nexpaq\xamarin-mobile-application-sisko\NexpaqCore\ModuwareApiReferenceDocs\Working\BuildTopics.proj]
BuildAssembler : warning : ResolveReferenceLinksComponent: [M:Nexpaq.APIs.GatewayAPI.ChargePhone(Nexpaq.UUID)] Unknown reference link target &#39;T:Nexpaq.UUID&#39;. [D:\Nexpaq\xamarin-mobile-application-sisko\NexpaqCore\ModuwareApiReferenceDocs\Working\BuildTopics.proj]
BuildAssembler : warning : ResolveReferenceLinksComponent: [M:Nexpaq.APIs.GatewayAPI.GetByUUID(Nexpaq.UUID)] Unknown reference link target &#39;T:Nexpaq.UUID&#39;. [D:\Nexpaq\xamarin-mobile-application-sisko\NexpaqCore\ModuwareApiReferenceDocs\Working\BuildTopics.proj]
BuildAssembler : warning : ResolveReferenceLinksComponent: [M:Nexpaq.APIs.GatewayAPI.GetByUUID(Nexpaq.UUID)] Unknown reference link target &#39;T:Nexpaq.Gateway&#39;. [D:\Nexpaq\xamarin-mobile-application-sisko\NexpaqCore\ModuwareApiReferenceDocs\Working\BuildTopics.proj]
BuildAssembler : warning : ResolveReferenceLinksComponent: [M:Nexpaq.APIs.GatewayAPI.GetProductByUUID(Nexpaq.UUID)] Unknown reference link target &#39;T:Nexpaq.UUID&#39;. [D:\Nexpaq\xamarin-mobile-application-sisko\NexpaqCore\ModuwareApiReferenceDocs\Working\BuildTopics.proj]
BuildAssembler : warning : ResolveReferenceLinksComponent: [M:Nexpaq.APIs.GatewayAPI.GetProductByUUID(Nexpaq.UUID)] Unknown reference link target &#39;T:Nexpaq.Product&#39;. [D:\Nexpaq\xamarin-mobile-application-sisko\NexpaqCore\ModuwareApiReferenceDocs\Working\BuildTopics.proj]
BuildAssembler : warning : ResolveReferenceLinksComponent: [M:Nexpaq.APIs.GatewayAPI.RequestBatteryStatus(Nexpaq.UUID)] Unknown reference link target &#39;T:Nexpaq.UUID&#39;. [D:\Nexpaq\xamarin-mobile-application-sisko\NexpaqCore\ModuwareApiReferenceDocs\Working\BuildTopics.proj]
BuildAssembler : warning : ResolveReferenceLinksComponent: [M:Nexpaq.APIs.GatewayAPI.StopChargingPhone(Nexpaq.UUID)] Unknown reference link target &#39;T:Nexpaq.UUID&#39;. [D:\Nexpaq\xamarin-mobile-application-sisko\NexpaqCore\ModuwareApiReferenceDocs\Working\BuildTopics.proj]
BuildAssembler : warning : ResolveReferenceLinksComponent: [T:Nexpaq.APIs.MainAPI] Unknown reference link target &#39;T:AssassinEventSystem.Legacy.ErrorClass&#39;. [D:\Nexpaq\xamarin-mobile-application-sisko\NexpaqCore\ModuwareApiReferenceDocs\Working\BuildTopics.proj]
BuildAssembler : warning : ResolveReferenceLinksComponent: [T:Nexpaq.APIs.MainAPI] Unknown reference link target &#39;T:AssassinEventSystem.API&#39;. [D:\Nexpaq\xamarin-mobile-application-sisko\NexpaqCore\ModuwareApiReferenceDocs\Working\BuildTopics.proj]
BuildAssembler : warning : ResolveReferenceLinksComponent: [T:Nexpaq.APIs.MainAPI] Unknown reference link target &#39;T:Nexpaq.API&#39;. [D:\Nexpaq\xamarin-mobile-application-sisko\NexpaqCore\ModuwareApiReferenceDocs\Working\BuildTopics.proj]
BuildAssembler : warning : ResolveReferenceLinksComponent: [T:Nexpaq.APIs.MainAPI] Unknown reference link target &#39;M:AssassinEventSystem.Legacy.ErrorClass.TriggerError(System.String)&#39;. [D:\Nexpaq\xamarin-mobile-application-sisko\NexpaqCore\ModuwareApiReferenceDocs\Working\BuildTopics.proj]
BuildAssembler : warning : ResolveReferenceLinksComponent: [T:Nexpaq.APIs.MainAPI] Unknown reference link target &#39;T:AssassinEventSystem.Legacy.ErrorClass&#39;. [D:\Nexpaq\xamarin-mobile-application-sisko\NexpaqCore\ModuwareApiReferenceDocs\Working\BuildTopics.proj]
BuildAssembler : warning : ResolveReferenceLinksComponent: [T:Nexpaq.APIs.MainAPI] Unknown reference link target &#39;E:AssassinEventSystem.Legacy.ErrorClass.Error&#39;. [D:\Nexpaq\xamarin-mobile-application-sisko\NexpaqCore\ModuwareApiReferenceDocs\Working\BuildTopics.proj]
BuildAssembler : warning : ResolveReferenceLinksComponent: [T:Nexpaq.APIs.MainAPI] Unknown reference link target &#39;T:AssassinEventSystem.Legacy.ErrorClass&#39;. [D:\Nexpaq\xamarin-mobile-application-sisko\NexpaqCore\ModuwareApiReferenceDocs\Working\BuildTopics.proj]
BuildAssembler : warning : ResolveReferenceLinksComponent: [Methods.T:Nexpaq.APIs.MainAPI] Unknown reference link target &#39;M:AssassinEventSystem.Legacy.ErrorClass.TriggerError(System.String)&#39;. [D:\Nexpaq\xamarin-mobile-application-sisko\NexpaqCore\ModuwareApiReferenceDocs\Working\BuildTopics.proj]
BuildAssembler : warning : ResolveReferenceLinksComponent: [Methods.T:Nexpaq.APIs.MainAPI] Unknown reference link target &#39;T:AssassinEventSystem.Legacy.ErrorClass&#39;. [D:\Nexpaq\xamarin-mobile-application-sisko\NexpaqCore\ModuwareApiReferenceDocs\Working\BuildTopics.proj]
BuildAssembler : warning : ResolveReferenceLinksComponent: [Events.T:Nexpaq.APIs.MainAPI] Unknown reference link target &#39;E:AssassinEventSystem.Legacy.ErrorClass.Error&#39;. [D:\Nexpaq\xamarin-mobile-application-sisko\NexpaqCore\ModuwareApiReferenceDocs\Working\BuildTopics.proj]
BuildAssembler : warning : ResolveReferenceLinksComponent: [Events.T:Nexpaq.APIs.MainAPI] Unknown reference link target &#39;T:AssassinEventSystem.Legacy.ErrorClass&#39;. [D:\Nexpaq\xamarin-mobile-application-sisko\NexpaqCore\ModuwareApiReferenceDocs\Working\BuildTopics.proj]
BuildAssembler : warning : ResolveReferenceLinksComponent: [M:Nexpaq.APIs.MainAPI.#ctor(Nexpaq.Core)] Unknown reference link target &#39;T:Nexpaq.API&#39;. [D:\Nexpaq\xamarin-mobile-application-sisko\NexpaqCore\ModuwareApiReferenceDocs\Working\BuildTopics.proj]
BuildAssembler : warning : ResolveReferenceLinksComponent: [M:Nexpaq.APIs.MainAPI.#ctor(Nexpaq.Core)] Unknown reference link target &#39;T:Nexpaq.Core&#39;. [D:\Nexpaq\xamarin-mobile-application-sisko\NexpaqCore\ModuwareApiReferenceDocs\Working\BuildTopics.proj]
BuildAssembler : warning : ResolveReferenceLinksComponent: [M:Nexpaq.APIs.MainAPI.GetCurrentConfiguration] Unknown reference link target &#39;T:Nexpaq.Gateway&#39;. [D:\Nexpaq\xamarin-mobile-application-sisko\NexpaqCore\ModuwareApiReferenceDocs\Working\BuildTopics.proj]
BuildAssembler : warning : ResolveReferenceLinksComponent: [M:Nexpaq.APIs.MainAPI.GetProductTypeID(Nexpaq.Enumerations.ProductType,Nexpaq.UUID,System.Action{System.String},System.Action{System.String})] Unknown reference link target &#39;T:Nexpaq.Enumerations.ProductType&#39;. [D:\Nexpaq\xamarin-mobile-application-sisko\NexpaqCore\ModuwareApiReferenceDocs\Working\BuildTopics.proj]
BuildAssembler : warning : ResolveReferenceLinksComponent: [M:Nexpaq.APIs.MainAPI.GetProductTypeID(Nexpaq.Enumerations.ProductType,Nexpaq.UUID,System.Action{System.String},System.Action{System.String})] Unknown reference link target &#39;T:Nexpaq.UUID&#39;. [D:\Nexpaq\xamarin-mobile-application-sisko\NexpaqCore\ModuwareApiReferenceDocs\Working\BuildTopics.proj]
BuildAssembler : warning : ResolveReferenceLinksComponent: [T:Nexpaq.APIs.ManifestAPI] Unknown reference link target &#39;T:AssassinEventSystem.Legacy.ErrorClass&#39;. [D:\Nexpaq\xamarin-mobile-application-sisko\NexpaqCore\ModuwareApiReferenceDocs\Working\BuildTopics.proj]
BuildAssembler : warning : ResolveReferenceLinksComponent: [T:Nexpaq.APIs.ManifestAPI] Unknown reference link target &#39;T:AssassinEventSystem.API&#39;. [D:\Nexpaq\xamarin-mobile-application-sisko\NexpaqCore\ModuwareApiReferenceDocs\Working\BuildTopics.proj]
BuildAssembler : warning : ResolveReferenceLinksComponent: [T:Nexpaq.APIs.ManifestAPI] Unknown reference link target &#39;M:AssassinEventSystem.Legacy.ErrorClass.TriggerError(System.String)&#39;. [D:\Nexpaq\xamarin-mobile-application-sisko\NexpaqCore\ModuwareApiReferenceDocs\Working\BuildTopics.proj]
BuildAssembler : warning : ResolveReferenceLinksComponent: [T:Nexpaq.APIs.ManifestAPI] Unknown reference link target &#39;T:AssassinEventSystem.Legacy.ErrorClass&#39;. [D:\Nexpaq\xamarin-mobile-application-sisko\NexpaqCore\ModuwareApiReferenceDocs\Working\BuildTopics.proj]
BuildAssembler : warning : ResolveReferenceLinksComponent: [T:Nexpaq.APIs.ManifestAPI] Unknown reference link target &#39;E:AssassinEventSystem.Legacy.ErrorClass.Error&#39;. [D:\Nexpaq\xamarin-mobile-application-sisko\NexpaqCore\ModuwareApiReferenceDocs\Working\BuildTopics.proj]
BuildAssembler : warning : ResolveReferenceLinksComponent: [T:Nexpaq.APIs.ManifestAPI] Unknown reference link target &#39;T:AssassinEventSystem.Legacy.ErrorClass&#39;. [D:\Nexpaq\xamarin-mobile-application-sisko\NexpaqCore\ModuwareApiReferenceDocs\Working\BuildTopics.proj]
BuildAssembler : warning : ResolveReferenceLinksComponent: [Methods.T:Nexpaq.APIs.ManifestAPI] Unknown reference link target &#39;M:AssassinEventSystem.Legacy.ErrorClass.TriggerError(System.String)&#39;. [D:\Nexpaq\xamarin-mobile-application-sisko\NexpaqCore\ModuwareApiReferenceDocs\Working\BuildTopics.proj]
BuildAssembler : warning : ResolveReferenceLinksComponent: [Methods.T:Nexpaq.APIs.ManifestAPI] Unknown reference link target &#39;T:AssassinEventSystem.Legacy.ErrorClass&#39;. [D:\Nexpaq\xamarin-mobile-application-sisko\NexpaqCore\ModuwareApiReferenceDocs\Working\BuildTopics.proj]
BuildAssembler : warning : ResolveReferenceLinksComponent: [Events.T:Nexpaq.APIs.ManifestAPI] Unknown reference link target &#39;E:AssassinEventSystem.Legacy.ErrorClass.Error&#39;. [D:\Nexpaq\xamarin-mobile-application-sisko\NexpaqCore\ModuwareApiReferenceDocs\Working\BuildTopics.proj]
BuildAssembler : warning : ResolveReferenceLinksComponent: [Events.T:Nexpaq.APIs.ManifestAPI] Unknown reference link target &#39;T:AssassinEventSystem.Legacy.ErrorClass&#39;. [D:\Nexpaq\xamarin-mobile-application-sisko\NexpaqCore\ModuwareApiReferenceDocs\Working\BuildTopics.proj]
BuildAssembler : warning : ResolveReferenceLinksComponent: [M:Nexpaq.APIs.ManifestAPI.#ctor(Nexpaq.APIs.MainAPI,Nexpaq.Manifests)] Unknown reference link target &#39;T:Nexpaq.Manifests&#39;. [D:\Nexpaq\xamarin-mobile-application-sisko\NexpaqCore\ModuwareApiReferenceDocs\Working\BuildTopics.proj]
BuildAssembler : warning : ResolveReferenceLinksComponent: [T:Nexpaq.APIs.ModuleAPI] Unknown reference link target &#39;T:AssassinEventSystem.Legacy.ErrorClass&#39;. [D:\Nexpaq\xamarin-mobile-application-sisko\NexpaqCore\ModuwareApiReferenceDocs\Working\BuildTopics.proj]
BuildAssembler : warning : ResolveReferenceLinksComponent: [T:Nexpaq.APIs.ModuleAPI] Unknown reference link target &#39;T:AssassinEventSystem.API&#39;. [D:\Nexpaq\xamarin-mobile-application-sisko\NexpaqCore\ModuwareApiReferenceDocs\Working\BuildTopics.proj]
BuildAssembler : warning : ResolveReferenceLinksComponent: [T:Nexpaq.APIs.ModuleAPI] Unknown reference link target &#39;M:AssassinEventSystem.Legacy.ErrorClass.TriggerError(System.String)&#39;. [D:\Nexpaq\xamarin-mobile-application-sisko\NexpaqCore\ModuwareApiReferenceDocs\Working\BuildTopics.proj]
BuildAssembler : warning : ResolveReferenceLinksComponent: [T:Nexpaq.APIs.ModuleAPI] Unknown reference link target &#39;T:AssassinEventSystem.Legacy.ErrorClass&#39;. [D:\Nexpaq\xamarin-mobile-application-sisko\NexpaqCore\ModuwareApiReferenceDocs\Working\BuildTopics.proj]
BuildAssembler : warning : ResolveReferenceLinksComponent: [T:Nexpaq.APIs.ModuleAPI] Unknown reference link target &#39;E:AssassinEventSystem.Legacy.ErrorClass.Error&#39;. [D:\Nexpaq\xamarin-mobile-application-sisko\NexpaqCore\ModuwareApiReferenceDocs\Working\BuildTopics.proj]
BuildAssembler : warning : ResolveReferenceLinksComponent: [T:Nexpaq.APIs.ModuleAPI] Unknown reference link target &#39;T:AssassinEventSystem.Legacy.ErrorClass&#39;. [D:\Nexpaq\xamarin-mobile-application-sisko\NexpaqCore\ModuwareApiReferenceDocs\Working\BuildTopics.proj]
BuildAssembler : warning : ResolveReferenceLinksComponent: [Methods.T:Nexpaq.APIs.ModuleAPI] Unknown reference link target &#39;M:AssassinEventSystem.Legacy.ErrorClass.TriggerError(System.String)&#39;. [D:\Nexpaq\xamarin-mobile-application-sisko\NexpaqCore\ModuwareApiReferenceDocs\Working\BuildTopics.proj]
BuildAssembler : warning : ResolveReferenceLinksComponent: [Methods.T:Nexpaq.APIs.ModuleAPI] Unknown reference link target &#39;T:AssassinEventSystem.Legacy.ErrorClass&#39;. [D:\Nexpaq\xamarin-mobile-application-sisko\NexpaqCore\ModuwareApiReferenceDocs\Working\BuildTopics.proj]
BuildAssembler : warning : ResolveReferenceLinksComponent: [Events.T:Nexpaq.APIs.ModuleAPI] Unknown reference link target &#39;E:AssassinEventSystem.Legacy.ErrorClass.Error&#39;. [D:\Nexpaq\xamarin-mobile-application-sisko\NexpaqCore\ModuwareApiReferenceDocs\Working\BuildTopics.proj]
BuildAssembler : warning : ResolveReferenceLinksComponent: [Events.T:Nexpaq.APIs.ModuleAPI] Unknown reference link target &#39;T:AssassinEventSystem.Legacy.ErrorClass&#39;. [D:\Nexpaq\xamarin-mobile-application-sisko\NexpaqCore\ModuwareApiReferenceDocs\Working\BuildTopics.proj]
BuildAssembler : warning : ResolveReferenceLinksComponent: [M:Nexpaq.APIs.ModuleAPI.#ctor(Nexpaq.APIs.MainAPI,Nexpaq.Gateways)] Unknown reference link target &#39;T:Nexpaq.Gateways&#39;. [D:\Nexpaq\xamarin-mobile-application-sisko\NexpaqCore\ModuwareApiReferenceDocs\Working\BuildTopics.proj]
BuildAssembler : warning : ResolveReferenceLinksComponent: [M:Nexpaq.APIs.ModuleAPI.GetByUUID(Nexpaq.UUID)] Unknown reference link target &#39;T:Nexpaq.UUID&#39;. [D:\Nexpaq\xamarin-mobile-application-sisko\NexpaqCore\ModuwareApiReferenceDocs\Working\BuildTopics.proj]
BuildAssembler : warning : ResolveReferenceLinksComponent: [M:Nexpaq.APIs.ModuleAPI.GetByUUID(Nexpaq.UUID)] Unknown reference link target &#39;T:Nexpaq.Module&#39;. [D:\Nexpaq\xamarin-mobile-application-sisko\NexpaqCore\ModuwareApiReferenceDocs\Working\BuildTopics.proj]
BuildAssembler : warning : ResolveReferenceLinksComponent: [M:Nexpaq.APIs.ModuleAPI.GetProductByUUID(Nexpaq.UUID)] Unknown reference link target &#39;T:Nexpaq.UUID&#39;. [D:\Nexpaq\xamarin-mobile-application-sisko\NexpaqCore\ModuwareApiReferenceDocs\Working\BuildTopics.proj]
BuildAssembler : warning : ResolveReferenceLinksComponent: [M:Nexpaq.APIs.ModuleAPI.GetProductByUUID(Nexpaq.UUID)] Unknown reference link target &#39;T:Nexpaq.Product&#39;. [D:\Nexpaq\xamarin-mobile-application-sisko\NexpaqCore\ModuwareApiReferenceDocs\Working\BuildTopics.proj]
BuildAssembler : warning : ResolveReferenceLinksComponent: [M:Nexpaq.APIs.ModuleAPI.GetUUIDBySlot(Nexpaq.UUID,System.Int32)] Unknown reference link target &#39;T:Nexpaq.UUID&#39;. [D:\Nexpaq\xamarin-mobile-application-sisko\NexpaqCore\ModuwareApiReferenceDocs\Working\BuildTopics.proj]
BuildAssembler : warning : ResolveReferenceLinksComponent: [M:Nexpaq.APIs.ModuleAPI.GetUUIDBySlot(Nexpaq.UUID,System.Int32)] Unknown reference link target &#39;T:Nexpaq.UUID&#39;. [D:\Nexpaq\xamarin-mobile-application-sisko\NexpaqCore\ModuwareApiReferenceDocs\Working\BuildTopics.proj]
BuildAssembler : warning : ResolveReferenceLinksComponent: [M:Nexpaq.APIs.ModuleAPI.InitializeModule(Nexpaq.Module)] Unknown reference link target &#39;T:Nexpaq.Module&#39;. [D:\Nexpaq\xamarin-mobile-application-sisko\NexpaqCore\ModuwareApiReferenceDocs\Working\BuildTopics.proj]
BuildAssembler : warning : ShowMissingComponent: [M:Nexpaq.APIs.ModuleAPI.PairByName(System.String)] Missing &lt;summary&gt; documentation [D:\Nexpaq\xamarin-mobile-application-sisko\NexpaqCore\ModuwareApiReferenceDocs\Working\BuildTopics.proj]
BuildAssembler : warning : ShowMissingComponent: [M:Nexpaq.APIs.ModuleAPI.PairByName(System.String)] Missing &lt;returns&gt; documentation [D:\Nexpaq\xamarin-mobile-application-sisko\NexpaqCore\ModuwareApiReferenceDocs\Working\BuildTopics.proj]
BuildAssembler : warning : ResolveReferenceLinksComponent: [M:Nexpaq.APIs.ModuleAPI.SendCommand(Nexpaq.UUID,System.String,System.Int32[])] Unknown reference link target &#39;T:Nexpaq.UUID&#39;. [D:\Nexpaq\xamarin-mobile-application-sisko\NexpaqCore\ModuwareApiReferenceDocs\Working\BuildTopics.proj]
BuildAssembler : warning : ResolveReferenceLinksComponent: [M:Nexpaq.APIs.ModuleAPI.SendRawCommand(Nexpaq.UUID,Nexpaq.FwCmdId,System.Byte[])] Unknown reference link target &#39;T:Nexpaq.UUID&#39;. [D:\Nexpaq\xamarin-mobile-application-sisko\NexpaqCore\ModuwareApiReferenceDocs\Working\BuildTopics.proj]
BuildAssembler : warning : ResolveReferenceLinksComponent: [M:Nexpaq.APIs.ModuleAPI.SendRawCommand(Nexpaq.UUID,Nexpaq.FwCmdId,System.Byte[])] Unknown reference link target &#39;T:Nexpaq.FwCmdId&#39;. [D:\Nexpaq\xamarin-mobile-application-sisko\NexpaqCore\ModuwareApiReferenceDocs\Working\BuildTopics.proj]
BuildAssembler : warning : ResolveReferenceLinksComponent: [M:Nexpaq.APIs.ModuleAPI.SendRawHexCommand(Nexpaq.UUID,Nexpaq.FwCmdId,System.String)] Unknown reference link target &#39;T:Nexpaq.UUID&#39;. [D:\Nexpaq\xamarin-mobile-application-sisko\NexpaqCore\ModuwareApiReferenceDocs\Working\BuildTopics.proj]
BuildAssembler : warning : ResolveReferenceLinksComponent: [M:Nexpaq.APIs.ModuleAPI.SendRawHexCommand(Nexpaq.UUID,Nexpaq.FwCmdId,System.String)] Unknown reference link target &#39;T:Nexpaq.FwCmdId&#39;. [D:\Nexpaq\xamarin-mobile-application-sisko\NexpaqCore\ModuwareApiReferenceDocs\Working\BuildTopics.proj]
BuildAssembler : warning : ResolveReferenceLinksComponent: [T:Nexpaq.APIs.ProductAPI] Unknown reference link target &#39;T:AssassinEventSystem.Legacy.ErrorClass&#39;. [D:\Nexpaq\xamarin-mobile-application-sisko\NexpaqCore\ModuwareApiReferenceDocs\Working\BuildTopics.proj]
BuildAssembler : warning : ResolveReferenceLinksComponent: [T:Nexpaq.APIs.ProductAPI] Unknown reference link target &#39;T:AssassinEventSystem.API&#39;. [D:\Nexpaq\xamarin-mobile-application-sisko\NexpaqCore\ModuwareApiReferenceDocs\Working\BuildTopics.proj]
BuildAssembler : warning : ResolveReferenceLinksComponent: [T:Nexpaq.APIs.ProductAPI] Unknown reference link target &#39;M:AssassinEventSystem.Legacy.ErrorClass.TriggerError(System.String)&#39;. [D:\Nexpaq\xamarin-mobile-application-sisko\NexpaqCore\ModuwareApiReferenceDocs\Working\BuildTopics.proj]
BuildAssembler : warning : ResolveReferenceLinksComponent: [T:Nexpaq.APIs.ProductAPI] Unknown reference link target &#39;T:AssassinEventSystem.Legacy.ErrorClass&#39;. [D:\Nexpaq\xamarin-mobile-application-sisko\NexpaqCore\ModuwareApiReferenceDocs\Working\BuildTopics.proj]
BuildAssembler : warning : ResolveReferenceLinksComponent: [T:Nexpaq.APIs.ProductAPI] Unknown reference link target &#39;E:AssassinEventSystem.Legacy.ErrorClass.Error&#39;. [D:\Nexpaq\xamarin-mobile-application-sisko\NexpaqCore\ModuwareApiReferenceDocs\Working\BuildTopics.proj]
BuildAssembler : warning : ResolveReferenceLinksComponent: [T:Nexpaq.APIs.ProductAPI] Unknown reference link target &#39;T:AssassinEventSystem.Legacy.ErrorClass&#39;. [D:\Nexpaq\xamarin-mobile-application-sisko\NexpaqCore\ModuwareApiReferenceDocs\Working\BuildTopics.proj]
BuildAssembler : warning : ResolveReferenceLinksComponent: [Methods.T:Nexpaq.APIs.ProductAPI] Unknown reference link target &#39;M:AssassinEventSystem.Legacy.ErrorClass.TriggerError(System.String)&#39;. [D:\Nexpaq\xamarin-mobile-application-sisko\NexpaqCore\ModuwareApiReferenceDocs\Working\BuildTopics.proj]
BuildAssembler : warning : ResolveReferenceLinksComponent: [Methods.T:Nexpaq.APIs.ProductAPI] Unknown reference link target &#39;T:AssassinEventSystem.Legacy.ErrorClass&#39;. [D:\Nexpaq\xamarin-mobile-application-sisko\NexpaqCore\ModuwareApiReferenceDocs\Working\BuildTopics.proj]
BuildAssembler : warning : ResolveReferenceLinksComponent: [Events.T:Nexpaq.APIs.ProductAPI] Unknown reference link target &#39;E:AssassinEventSystem.Legacy.ErrorClass.Error&#39;. [D:\Nexpaq\xamarin-mobile-application-sisko\NexpaqCore\ModuwareApiReferenceDocs\Working\BuildTopics.proj]
BuildAssembler : warning : ResolveReferenceLinksComponent: [Events.T:Nexpaq.APIs.ProductAPI] Unknown reference link target &#39;T:AssassinEventSystem.Legacy.ErrorClass&#39;. [D:\Nexpaq\xamarin-mobile-application-sisko\NexpaqCore\ModuwareApiReferenceDocs\Working\BuildTopics.proj]
BuildAssembler : warning : ResolveReferenceLinksComponent: [M:Nexpaq.APIs.ProductAPI.#ctor(Nexpaq.APIs.MainAPI,Nexpaq.Enumerations.ProductType)] Unknown reference link target &#39;T:Nexpaq.Enumerations.ProductType&#39;. [D:\Nexpaq\xamarin-mobile-application-sisko\NexpaqCore\ModuwareApiReferenceDocs\Working\BuildTopics.proj]
BuildAssembler : warning : ResolveReferenceLinksComponent: [M:Nexpaq.APIs.ProductAPI.ChangeMode(Nexpaq.UUID,Nexpaq.Enumerations.ProductMode,System.Action)] Unknown reference link target &#39;T:Nexpaq.UUID&#39;. [D:\Nexpaq\xamarin-mobile-application-sisko\NexpaqCore\ModuwareApiReferenceDocs\Working\BuildTopics.proj]
BuildAssembler : warning : ResolveReferenceLinksComponent: [M:Nexpaq.APIs.ProductAPI.ChangeMode(Nexpaq.UUID,Nexpaq.Enumerations.ProductMode,System.Action)] Unknown reference link target &#39;T:Nexpaq.Enumerations.ProductMode&#39;. [D:\Nexpaq\xamarin-mobile-application-sisko\NexpaqCore\ModuwareApiReferenceDocs\Working\BuildTopics.proj]
BuildAssembler : warning : ResolveReferenceLinksComponent: [M:Nexpaq.APIs.ProductAPI.EraseFirmware(Nexpaq.UUID,System.Action)] Unknown reference link target &#39;T:Nexpaq.UUID&#39;. [D:\Nexpaq\xamarin-mobile-application-sisko\NexpaqCore\ModuwareApiReferenceDocs\Working\BuildTopics.proj]
BuildAssembler : warning : ResolveReferenceLinksComponent: [M:Nexpaq.APIs.ProductAPI.GetProductByUUID(Nexpaq.UUID)] Unknown reference link target &#39;T:Nexpaq.UUID&#39;. [D:\Nexpaq\xamarin-mobile-application-sisko\NexpaqCore\ModuwareApiReferenceDocs\Working\BuildTopics.proj]
BuildAssembler : warning : ResolveReferenceLinksComponent: [M:Nexpaq.APIs.ProductAPI.GetProductByUUID(Nexpaq.UUID)] Unknown reference link target &#39;T:Nexpaq.Product&#39;. [D:\Nexpaq\xamarin-mobile-application-sisko\NexpaqCore\ModuwareApiReferenceDocs\Working\BuildTopics.proj]
BuildAssembler : warning : ResolveReferenceLinksComponent: [M:Nexpaq.APIs.ProductAPI.GetTypeID(Nexpaq.UUID,System.Action{System.String},System.Action{System.String})] Unknown reference link target &#39;T:Nexpaq.UUID&#39;. [D:\Nexpaq\xamarin-mobile-application-sisko\NexpaqCore\ModuwareApiReferenceDocs\Working\BuildTopics.proj]
BuildAssembler : warning : ResolveReferenceLinksComponent: [M:Nexpaq.APIs.ProductAPI.InstallFirmware(Nexpaq.UUID,System.Version,System.Action{System.Int32},System.Action,System.Action{System.String})] Unknown reference link target &#39;T:Nexpaq.UUID&#39;. [D:\Nexpaq\xamarin-mobile-application-sisko\NexpaqCore\ModuwareApiReferenceDocs\Working\BuildTopics.proj]
BuildAssembler : warning : ResolveReferenceLinksComponent: [M:Nexpaq.APIs.ProductAPI.InstallLatestFirmware(Nexpaq.UUID,System.Action{System.Int32},System.Action,System.Action{System.String})] Unknown reference link target &#39;T:Nexpaq.UUID&#39;. [D:\Nexpaq\xamarin-mobile-application-sisko\NexpaqCore\ModuwareApiReferenceDocs\Working\BuildTopics.proj]
BuildAssembler : warning : ResolveReferenceLinksComponent: [M:Nexpaq.APIs.ProductAPI.InstallSpecificFirmware(Nexpaq.UUID,System.String,System.Version,System.Action{System.Int32},System.Action,System.Action{System.String})] Unknown reference link target &#39;T:Nexpaq.UUID&#39;. [D:\Nexpaq\xamarin-mobile-application-sisko\NexpaqCore\ModuwareApiReferenceDocs\Working\BuildTopics.proj]
BuildAssembler : warning : ResolveReferenceLinksComponent: [M:Nexpaq.APIs.ProductAPI.RequestBasicData(Nexpaq.Product,System.Action)] Unknown reference link target &#39;T:Nexpaq.Product&#39;. [D:\Nexpaq\xamarin-mobile-application-sisko\NexpaqCore\ModuwareApiReferenceDocs\Working\BuildTopics.proj]
BuildAssembler : warning : ResolveReferenceLinksComponent: [M:Nexpaq.APIs.ProductAPI.RequestFirmwareVersion(Nexpaq.UUID,System.Action{System.Version})] Unknown reference link target &#39;T:Nexpaq.UUID&#39;. [D:\Nexpaq\xamarin-mobile-application-sisko\NexpaqCore\ModuwareApiReferenceDocs\Working\BuildTopics.proj]
BuildAssembler : warning : ResolveReferenceLinksComponent: [M:Nexpaq.APIs.ProductAPI.SetManifest(Nexpaq.UUID,Moduware.Platform.Core.Manifests.ProductManifest)] Unknown reference link target &#39;T:Nexpaq.UUID&#39;. [D:\Nexpaq\xamarin-mobile-application-sisko\NexpaqCore\ModuwareApiReferenceDocs\Working\BuildTopics.proj]
BuildAssembler : warning : ResolveReferenceLinksComponent: [M:Nexpaq.APIs.ProductAPI.SetManifest(Nexpaq.UUID,Moduware.Platform.Core.Manifests.ProductManifest)] Unknown reference link target &#39;T:Moduware.Platform.Core.Manifests.ProductManifest&#39;. [D:\Nexpaq\xamarin-mobile-application-sisko\NexpaqCore\ModuwareApiReferenceDocs\Working\BuildTopics.proj]
BuildAssembler : warning : ResolveReferenceLinksComponent: [F:Nexpaq.APIs.ProductAPI.Type] Unknown reference link target &#39;T:Nexpaq.Enumerations.ProductType&#39;. [D:\Nexpaq\xamarin-mobile-application-sisko\NexpaqCore\ModuwareApiReferenceDocs\Working\BuildTopics.proj]
BuildAssembler : warning : ResolveReferenceLinksComponent: [T:Nexpaq.APIs.RepositoryAPI] Unknown reference link target &#39;T:AssassinEventSystem.Legacy.ErrorClass&#39;. [D:\Nexpaq\xamarin-mobile-application-sisko\NexpaqCore\ModuwareApiReferenceDocs\Working\BuildTopics.proj]
BuildAssembler : warning : ResolveReferenceLinksComponent: [T:Nexpaq.APIs.RepositoryAPI] Unknown reference link target &#39;T:AssassinEventSystem.API&#39;. [D:\Nexpaq\xamarin-mobile-application-sisko\NexpaqCore\ModuwareApiReferenceDocs\Working\BuildTopics.proj]
BuildAssembler : warning : ResolveReferenceLinksComponent: [T:Nexpaq.APIs.RepositoryAPI] Unknown reference link target &#39;M:AssassinEventSystem.Legacy.ErrorClass.TriggerError(System.String)&#39;. [D:\Nexpaq\xamarin-mobile-application-sisko\NexpaqCore\ModuwareApiReferenceDocs\Working\BuildTopics.proj]
BuildAssembler : warning : ResolveReferenceLinksComponent: [T:Nexpaq.APIs.RepositoryAPI] Unknown reference link target &#39;T:AssassinEventSystem.Legacy.ErrorClass&#39;. [D:\Nexpaq\xamarin-mobile-application-sisko\NexpaqCore\ModuwareApiReferenceDocs\Working\BuildTopics.proj]
BuildAssembler : warning : ResolveReferenceLinksComponent: [T:Nexpaq.APIs.RepositoryAPI] Unknown reference link target &#39;E:AssassinEventSystem.Legacy.ErrorClass.Error&#39;. [D:\Nexpaq\xamarin-mobile-application-sisko\NexpaqCore\ModuwareApiReferenceDocs\Working\BuildTopics.proj]
BuildAssembler : warning : ResolveReferenceLinksComponent: [T:Nexpaq.APIs.RepositoryAPI] Unknown reference link target &#39;T:AssassinEventSystem.Legacy.ErrorClass&#39;. [D:\Nexpaq\xamarin-mobile-application-sisko\NexpaqCore\ModuwareApiReferenceDocs\Working\BuildTopics.proj]
BuildAssembler : warning : ResolveReferenceLinksComponent: [Methods.T:Nexpaq.APIs.RepositoryAPI] Unknown reference link target &#39;M:AssassinEventSystem.Legacy.ErrorClass.TriggerError(System.String)&#39;. [D:\Nexpaq\xamarin-mobile-application-sisko\NexpaqCore\ModuwareApiReferenceDocs\Working\BuildTopics.proj]
BuildAssembler : warning : ResolveReferenceLinksComponent: [Methods.T:Nexpaq.APIs.RepositoryAPI] Unknown reference link target &#39;T:AssassinEventSystem.Legacy.ErrorClass&#39;. [D:\Nexpaq\xamarin-mobile-application-sisko\NexpaqCore\ModuwareApiReferenceDocs\Working\BuildTopics.proj]
BuildAssembler : warning : ResolveReferenceLinksComponent: [Events.T:Nexpaq.APIs.RepositoryAPI] Unknown reference link target &#39;E:AssassinEventSystem.Legacy.ErrorClass.Error&#39;. [D:\Nexpaq\xamarin-mobile-application-sisko\NexpaqCore\ModuwareApiReferenceDocs\Working\BuildTopics.proj]
BuildAssembler : warning : ResolveReferenceLinksComponent: [Events.T:Nexpaq.APIs.RepositoryAPI] Unknown reference link target &#39;T:AssassinEventSystem.Legacy.ErrorClass&#39;. [D:\Nexpaq\xamarin-mobile-application-sisko\NexpaqCore\ModuwareApiReferenceDocs\Working\BuildTopics.proj]
BuildAssembler : warning : ResolveReferenceLinksComponent: [M:Nexpaq.APIs.RepositoryAPI.RequestBootloader(Nexpaq.Enumerations.BootloaderImageType,System.String,System.Action{Nexpaq.BootloaderImage},System.Action{System.String})] Unknown reference link target &#39;T:Nexpaq.Enumerations.BootloaderImageType&#39;. [D:\Nexpaq\xamarin-mobile-application-sisko\NexpaqCore\ModuwareApiReferenceDocs\Working\BuildTopics.proj]
BuildAssembler : warning : ResolveReferenceLinksComponent: [M:Nexpaq.APIs.RepositoryAPI.RequestBootloader(Nexpaq.Enumerations.BootloaderImageType,System.String,System.Action{Nexpaq.BootloaderImage},System.Action{System.String})] Unknown reference link target &#39;T:Nexpaq.BootloaderImage&#39;. [D:\Nexpaq\xamarin-mobile-application-sisko\NexpaqCore\ModuwareApiReferenceDocs\Working\BuildTopics.proj]
BuildAssembler : warning : ResolveReferenceLinksComponent: [M:Nexpaq.APIs.RepositoryAPI.RequestFirmware(Nexpaq.Enumerations.ProductType,Moduware.Platform.Core.Manifests.Enumerations.ProductFirmwareType,System.String,System.Version,System.Action{Nexpaq.ProductFirmware},System.Action{System.String})] Unknown reference link target &#39;T:Nexpaq.Enumerations.ProductType&#39;. [D:\Nexpaq\xamarin-mobile-application-sisko\NexpaqCore\ModuwareApiReferenceDocs\Working\BuildTopics.proj]
BuildAssembler : warning : ResolveReferenceLinksComponent: [M:Nexpaq.APIs.RepositoryAPI.RequestFirmware(Nexpaq.Enumerations.ProductType,Moduware.Platform.Core.Manifests.Enumerations.ProductFirmwareType,System.String,System.Version,System.Action{Nexpaq.ProductFirmware},System.Action{System.String})] Unknown reference link target &#39;T:Moduware.Platform.Core.Manifests.Enumerations.ProductFirmwareType&#39;. [D:\Nexpaq\xamarin-mobile-application-sisko\NexpaqCore\ModuwareApiReferenceDocs\Working\BuildTopics.proj]
BuildAssembler : warning : ResolveReferenceLinksComponent: [M:Nexpaq.APIs.RepositoryAPI.RequestFirmware(Nexpaq.Enumerations.ProductType,Moduware.Platform.Core.Manifests.Enumerations.ProductFirmwareType,System.String,System.Version,System.Action{Nexpaq.ProductFirmware},System.Action{System.String})] Unknown reference link target &#39;T:Nexpaq.ProductFirmware&#39;. [D:\Nexpaq\xamarin-mobile-application-sisko\NexpaqCore\ModuwareApiReferenceDocs\Working\BuildTopics.proj]
BuildAssembler : warning : ResolveReferenceLinksComponent: [M:Nexpaq.APIs.RepositoryAPI.RequestLatestFirmware(Nexpaq.Enumerations.ProductType,Moduware.Platform.Core.Manifests.Enumerations.ProductFirmwareType,System.String,System.Action{Nexpaq.ProductFirmware},System.Action{System.String})] Unknown reference link target &#39;T:Nexpaq.Enumerations.ProductType&#39;. [D:\Nexpaq\xamarin-mobile-application-sisko\NexpaqCore\ModuwareApiReferenceDocs\Working\BuildTopics.proj]
BuildAssembler : warning : ResolveReferenceLinksComponent: [M:Nexpaq.APIs.RepositoryAPI.RequestLatestFirmware(Nexpaq.Enumerations.ProductType,Moduware.Platform.Core.Manifests.Enumerations.ProductFirmwareType,System.String,System.Action{Nexpaq.ProductFirmware},System.Action{System.String})] Unknown reference link target &#39;T:Moduware.Platform.Core.Manifests.Enumerations.ProductFirmwareType&#39;. [D:\Nexpaq\xamarin-mobile-application-sisko\NexpaqCore\ModuwareApiReferenceDocs\Working\BuildTopics.proj]
BuildAssembler : warning : ResolveReferenceLinksComponent: [M:Nexpaq.APIs.RepositoryAPI.RequestLatestFirmware(Nexpaq.Enumerations.ProductType,Moduware.Platform.Core.Manifests.Enumerations.ProductFirmwareType,System.String,System.Action{Nexpaq.ProductFirmware},System.Action{System.String})] Unknown reference link target &#39;T:Nexpaq.ProductFirmware&#39;. [D:\Nexpaq\xamarin-mobile-application-sisko\NexpaqCore\ModuwareApiReferenceDocs\Working\BuildTopics.proj]
BuildAssembler : warning : ShowMissingComponent: [N:Nexpaq.EventArguments] Missing &lt;summary&gt; documentation [D:\Nexpaq\xamarin-mobile-application-sisko\NexpaqCore\ModuwareApiReferenceDocs\Working\BuildTopics.proj]
BuildAssembler : warning : ShowMissingComponent: [P:Nexpaq.EventArguments.DriverParseResultEventArgs.LegacyDataSource] Missing &lt;summary&gt; documentation [D:\Nexpaq\xamarin-mobile-application-sisko\NexpaqCore\ModuwareApiReferenceDocs\Working\BuildTopics.proj]
BuildAssembler : warning : ShowMissingComponent: [P:Nexpaq.EventArguments.DriverParseResultEventArgs.LegacyModuleUUID] Missing &lt;summary&gt; documentation [D:\Nexpaq\xamarin-mobile-application-sisko\NexpaqCore\ModuwareApiReferenceDocs\Working\BuildTopics.proj]
BuildAssembler : warning : ResolveReferenceLinksComponent: [P:Nexpaq.EventArguments.DriverParseResultEventArgs.LegacyModuleUUID] Unknown reference link target &#39;T:Nexpaq.UUID&#39;. [D:\Nexpaq\xamarin-mobile-application-sisko\NexpaqCore\ModuwareApiReferenceDocs\Working\BuildTopics.proj]
BuildAssembler : warning : ResolveReferenceLinksComponent: [F:Nexpaq.EventArguments.DriverParseResultEventArgs.ModuleUUID] Unknown reference link target &#39;T:Nexpaq.UUID&#39;. [D:\Nexpaq\xamarin-mobile-application-sisko\NexpaqCore\ModuwareApiReferenceDocs\Working\BuildTopics.proj]
BuildAssembler : warning : ResolveReferenceLinksComponent: [F:Nexpaq.EventArguments.GatewayEventArgs.Gateway] Unknown reference link target &#39;T:Nexpaq.Gateway&#39;. [D:\Nexpaq\xamarin-mobile-application-sisko\NexpaqCore\ModuwareApiReferenceDocs\Working\BuildTopics.proj]
BuildAssembler : warning : ResolveReferenceLinksComponent: [T:Nexpaq.EventArguments.GatewayManifestEventArgs] Unknown reference link target &#39;T:Nexpaq.EventArguments.ProductManifestEventArgs&#39;. [D:\Nexpaq\xamarin-mobile-application-sisko\NexpaqCore\ModuwareApiReferenceDocs\Working\BuildTopics.proj]
BuildAssembler : warning : ResolveReferenceLinksComponent: [F:Nexpaq.EventArguments.GatewayManifestEventArgs.Manifest] Unknown reference link target &#39;T:Moduware.Platform.Core.Manifests.GatewayManifest&#39;. [D:\Nexpaq\xamarin-mobile-application-sisko\NexpaqCore\ModuwareApiReferenceDocs\Working\BuildTopics.proj]
BuildAssembler : warning : ResolveReferenceLinksComponent: [F:Nexpaq.EventArguments.ModuleEventArgs.GatewayUUID] Unknown reference link target &#39;T:Nexpaq.UUID&#39;. [D:\Nexpaq\xamarin-mobile-application-sisko\NexpaqCore\ModuwareApiReferenceDocs\Working\BuildTopics.proj]
BuildAssembler : warning : ResolveReferenceLinksComponent: [F:Nexpaq.EventArguments.ModuleEventArgs.Module] Unknown reference link target &#39;T:Nexpaq.Module&#39;. [D:\Nexpaq\xamarin-mobile-application-sisko\NexpaqCore\ModuwareApiReferenceDocs\Working\BuildTopics.proj]
BuildAssembler : warning : ResolveReferenceLinksComponent: [T:Nexpaq.EventArguments.ModuleManifestEventArgs] Unknown reference link target &#39;T:Nexpaq.EventArguments.ProductManifestEventArgs&#39;. [D:\Nexpaq\xamarin-mobile-application-sisko\NexpaqCore\ModuwareApiReferenceDocs\Working\BuildTopics.proj]
BuildAssembler : warning : ResolveReferenceLinksComponent: [F:Nexpaq.EventArguments.ModuleManifestEventArgs.Manifest] Unknown reference link target &#39;T:Moduware.Platform.Core.Manifests.ModuleManifest&#39;. [D:\Nexpaq\xamarin-mobile-application-sisko\NexpaqCore\ModuwareApiReferenceDocs\Working\BuildTopics.proj]
BuildAssembler : warning : ResolveReferenceLinksComponent: [F:Nexpaq.EventArguments.ModuleMessageEventArgs.DataSource] Unknown reference link target &#39;T:Nexpaq.FwCmdId&#39;. [D:\Nexpaq\xamarin-mobile-application-sisko\NexpaqCore\ModuwareApiReferenceDocs\Working\BuildTopics.proj]
BuildAssembler : warning : ResolveReferenceLinksComponent: [F:Nexpaq.EventArguments.ModuleMessageEventArgs.ModuleUUID] Unknown reference link target &#39;T:Nexpaq.UUID&#39;. [D:\Nexpaq\xamarin-mobile-application-sisko\NexpaqCore\ModuwareApiReferenceDocs\Working\BuildTopics.proj]
BuildAssembler : warning : ResolveReferenceLinksComponent: [T:Nexpaq.EventArguments.ProductBatteryEventArgs] Unknown reference link target &#39;T:Nexpaq.EventArguments.BatteryEventArgs&#39;. [D:\Nexpaq\xamarin-mobile-application-sisko\NexpaqCore\ModuwareApiReferenceDocs\Working\BuildTopics.proj]
BuildAssembler : warning : ResolveReferenceLinksComponent: [F:Nexpaq.EventArguments.ProductBatteryEventArgs.UUID] Unknown reference link target &#39;T:Nexpaq.UUID&#39;. [D:\Nexpaq\xamarin-mobile-application-sisko\NexpaqCore\ModuwareApiReferenceDocs\Working\BuildTopics.proj]
BuildAssembler : warning : ResolveReferenceLinksComponent: [F:Nexpaq.EventArguments.ProductBSLInfoEventArgs.BSLInfo] Unknown reference link target &#39;T:Nexpaq.BSLInfo&#39;. [D:\Nexpaq\xamarin-mobile-application-sisko\NexpaqCore\ModuwareApiReferenceDocs\Working\BuildTopics.proj]
BuildAssembler : warning : ResolveReferenceLinksComponent: [F:Nexpaq.EventArguments.ProductBSLInfoEventArgs.UUID] Unknown reference link target &#39;T:Nexpaq.UUID&#39;. [D:\Nexpaq\xamarin-mobile-application-sisko\NexpaqCore\ModuwareApiReferenceDocs\Working\BuildTopics.proj]
BuildAssembler : warning : ShowMissingComponent: [F:Nexpaq.EventArguments.ProductEventArgs.Product] Missing &lt;summary&gt; documentation [D:\Nexpaq\xamarin-mobile-application-sisko\NexpaqCore\ModuwareApiReferenceDocs\Working\BuildTopics.proj]
BuildAssembler : warning : ResolveReferenceLinksComponent: [F:Nexpaq.EventArguments.ProductEventArgs.Product] Unknown reference link target &#39;T:Nexpaq.Product&#39;. [D:\Nexpaq\xamarin-mobile-application-sisko\NexpaqCore\ModuwareApiReferenceDocs\Working\BuildTopics.proj]
BuildAssembler : warning : ResolveReferenceLinksComponent: [F:Nexpaq.EventArguments.ProductTypeEventArgs.UUID] Unknown reference link target &#39;T:Nexpaq.UUID&#39;. [D:\Nexpaq\xamarin-mobile-application-sisko\NexpaqCore\ModuwareApiReferenceDocs\Working\BuildTopics.proj]
BuildAssembler : warning : ResolveReferenceLinksComponent: [F:Nexpaq.EventArguments.ProductUpdateEventArgs.Manifest] Unknown reference link target &#39;T:Moduware.Platform.Core.Manifests.ProductManifest&#39;. [D:\Nexpaq\xamarin-mobile-application-sisko\NexpaqCore\ModuwareApiReferenceDocs\Working\BuildTopics.proj]
BuildAssembler : warning : ResolveReferenceLinksComponent: [F:Nexpaq.EventArguments.ProductUpdateEventArgs.UUID] Unknown reference link target &#39;T:Nexpaq.UUID&#39;. [D:\Nexpaq\xamarin-mobile-application-sisko\NexpaqCore\ModuwareApiReferenceDocs\Working\BuildTopics.proj]
BuildAssembler : warning : ResolveReferenceLinksComponent: [F:Nexpaq.EventArguments.ProductUUIDEventArgs.UUID] Unknown reference link target &#39;T:Nexpaq.UUID&#39;. [D:\Nexpaq\xamarin-mobile-application-sisko\NexpaqCore\ModuwareApiReferenceDocs\Working\BuildTopics.proj]
BuildAssembler : warning : ResolveReferenceLinksComponent: [F:Nexpaq.EventArguments.SlotEventArgs.GatewayUUID] Unknown reference link target &#39;T:Nexpaq.UUID&#39;. [D:\Nexpaq\xamarin-mobile-application-sisko\NexpaqCore\ModuwareApiReferenceDocs\Working\BuildTopics.proj]
BuildAssembler : warning : ResolveReferenceLinksComponent: [F:Nexpaq.EventArguments.SlotEventArgs.ModuleUUID] Unknown reference link target &#39;T:Nexpaq.UUID&#39;. [D:\Nexpaq\xamarin-mobile-application-sisko\NexpaqCore\ModuwareApiReferenceDocs\Working\BuildTopics.proj]
  Processed 205 topic(s)
  171 warning(s)
  CopyFromIndexComponent: &quot;reflection&quot; in-memory cache entries used: 5 of 15.
  CopyFromIndexComponent: &quot;comments&quot; in-memory cache entries used: 2 of 30.
Done Building Project &quot;D:\Nexpaq\xamarin-mobile-application-sisko\NexpaqCore\ModuwareApiReferenceDocs\Working\BuildTopics.proj&quot; (default targets).

Build succeeded.

Time Elapsed 00:00:09.35
    Last step completed in 00:00:09.6509
</buildStep>
<buildStep step="CombiningIntermediateTocFiles">
Combining conceptual and API intermediate TOC files...
    Last step completed in 00:00:00.0030
</buildStep>
<buildStep step="ExtractingHtmlInfo">
Extracting HTML info for HTML Help 1 and/or website...
[C:\Program Files (x86)\MSBuild\14.0\bin\amd64\MSBuild.exe - ExtractHtmlInfo.proj]
Sandcastle Help File Builder and Tools, version 2018.5.29.0
Copyright c 2006-2018, Eric Woodruff, All Rights Reserved
E-Mail: Eric@EWoodruff.us

Using LCID &#39;1033&#39;, code page &#39;65001&#39;, encoding charset &#39;UTF-8&#39;.

Processing website files in D:\Nexpaq\xamarin-mobile-application-sisko\NexpaqCore\ModuwareApiReferenceDocs\Working\Output\Website
Processed 205 HTML files
Sorting keywords and generating See Also indices
Saving website keyword index to D:\Nexpaq\xamarin-mobile-application-sisko\NexpaqCore\ModuwareApiReferenceDocs\Working\WebKI.xml
Saving website table of contents to D:\Nexpaq\xamarin-mobile-application-sisko\NexpaqCore\ModuwareApiReferenceDocs\Working\WebTOC.xml
    Last step completed in 00:00:00.8930
</buildStep>
<buildStep step="CopyStandardHelpContent">
Copying standard help content...
C:\Program Files (x86)\EWSoftware\Sandcastle Help File Builder\PresentationStyles\VS2013\icons\AlertCaution.png -&gt; D:\Nexpaq\xamarin-mobile-application-sisko\NexpaqCore\ModuwareApiReferenceDocs\Working\Output\Website\icons\AlertCaution.png
C:\Program Files (x86)\EWSoftware\Sandcastle Help File Builder\PresentationStyles\VS2013\icons\AlertNote.png -&gt; D:\Nexpaq\xamarin-mobile-application-sisko\NexpaqCore\ModuwareApiReferenceDocs\Working\Output\Website\icons\AlertNote.png
C:\Program Files (x86)\EWSoftware\Sandcastle Help File Builder\PresentationStyles\VS2013\icons\AlertSecurity.png -&gt; D:\Nexpaq\xamarin-mobile-application-sisko\NexpaqCore\ModuwareApiReferenceDocs\Working\Output\Website\icons\AlertSecurity.png
C:\Program Files (x86)\EWSoftware\Sandcastle Help File Builder\PresentationStyles\VS2013\icons\CFW.gif -&gt; D:\Nexpaq\xamarin-mobile-application-sisko\NexpaqCore\ModuwareApiReferenceDocs\Working\Output\Website\icons\CFW.gif
C:\Program Files (x86)\EWSoftware\Sandcastle Help File Builder\PresentationStyles\VS2013\icons\CodeExample.png -&gt; D:\Nexpaq\xamarin-mobile-application-sisko\NexpaqCore\ModuwareApiReferenceDocs\Working\Output\Website\icons\CodeExample.png
C:\Program Files (x86)\EWSoftware\Sandcastle Help File Builder\PresentationStyles\VS2013\icons\favicon.ico -&gt; D:\Nexpaq\xamarin-mobile-application-sisko\NexpaqCore\ModuwareApiReferenceDocs\Working\Output\Website\icons\favicon.ico
C:\Program Files (x86)\EWSoftware\Sandcastle Help File Builder\PresentationStyles\VS2013\icons\privclass.gif -&gt; D:\Nexpaq\xamarin-mobile-application-sisko\NexpaqCore\ModuwareApiReferenceDocs\Working\Output\Website\icons\privclass.gif
C:\Program Files (x86)\EWSoftware\Sandcastle Help File Builder\PresentationStyles\VS2013\icons\privdelegate.gif -&gt; D:\Nexpaq\xamarin-mobile-application-sisko\NexpaqCore\ModuwareApiReferenceDocs\Working\Output\Website\icons\privdelegate.gif
C:\Program Files (x86)\EWSoftware\Sandcastle Help File Builder\PresentationStyles\VS2013\icons\privenumeration.gif -&gt; D:\Nexpaq\xamarin-mobile-application-sisko\NexpaqCore\ModuwareApiReferenceDocs\Working\Output\Website\icons\privenumeration.gif
C:\Program Files (x86)\EWSoftware\Sandcastle Help File Builder\PresentationStyles\VS2013\icons\privevent.gif -&gt; D:\Nexpaq\xamarin-mobile-application-sisko\NexpaqCore\ModuwareApiReferenceDocs\Working\Output\Website\icons\privevent.gif
C:\Program Files (x86)\EWSoftware\Sandcastle Help File Builder\PresentationStyles\VS2013\icons\privextension.gif -&gt; D:\Nexpaq\xamarin-mobile-application-sisko\NexpaqCore\ModuwareApiReferenceDocs\Working\Output\Website\icons\privextension.gif
C:\Program Files (x86)\EWSoftware\Sandcastle Help File Builder\PresentationStyles\VS2013\icons\privfield.gif -&gt; D:\Nexpaq\xamarin-mobile-application-sisko\NexpaqCore\ModuwareApiReferenceDocs\Working\Output\Website\icons\privfield.gif
C:\Program Files (x86)\EWSoftware\Sandcastle Help File Builder\PresentationStyles\VS2013\icons\privinterface.gif -&gt; D:\Nexpaq\xamarin-mobile-application-sisko\NexpaqCore\ModuwareApiReferenceDocs\Working\Output\Website\icons\privinterface.gif
C:\Program Files (x86)\EWSoftware\Sandcastle Help File Builder\PresentationStyles\VS2013\icons\privmethod.gif -&gt; D:\Nexpaq\xamarin-mobile-application-sisko\NexpaqCore\ModuwareApiReferenceDocs\Working\Output\Website\icons\privmethod.gif
C:\Program Files (x86)\EWSoftware\Sandcastle Help File Builder\PresentationStyles\VS2013\icons\privproperty.gif -&gt; D:\Nexpaq\xamarin-mobile-application-sisko\NexpaqCore\ModuwareApiReferenceDocs\Working\Output\Website\icons\privproperty.gif
C:\Program Files (x86)\EWSoftware\Sandcastle Help File Builder\PresentationStyles\VS2013\icons\privstructure.gif -&gt; D:\Nexpaq\xamarin-mobile-application-sisko\NexpaqCore\ModuwareApiReferenceDocs\Working\Output\Website\icons\privstructure.gif
C:\Program Files (x86)\EWSoftware\Sandcastle Help File Builder\PresentationStyles\VS2013\icons\protclass.gif -&gt; D:\Nexpaq\xamarin-mobile-application-sisko\NexpaqCore\ModuwareApiReferenceDocs\Working\Output\Website\icons\protclass.gif
C:\Program Files (x86)\EWSoftware\Sandcastle Help File Builder\PresentationStyles\VS2013\icons\protdelegate.gif -&gt; D:\Nexpaq\xamarin-mobile-application-sisko\NexpaqCore\ModuwareApiReferenceDocs\Working\Output\Website\icons\protdelegate.gif
C:\Program Files (x86)\EWSoftware\Sandcastle Help File Builder\PresentationStyles\VS2013\icons\protenumeration.gif -&gt; D:\Nexpaq\xamarin-mobile-application-sisko\NexpaqCore\ModuwareApiReferenceDocs\Working\Output\Website\icons\protenumeration.gif
C:\Program Files (x86)\EWSoftware\Sandcastle Help File Builder\PresentationStyles\VS2013\icons\protevent.gif -&gt; D:\Nexpaq\xamarin-mobile-application-sisko\NexpaqCore\ModuwareApiReferenceDocs\Working\Output\Website\icons\protevent.gif
C:\Program Files (x86)\EWSoftware\Sandcastle Help File Builder\PresentationStyles\VS2013\icons\protextension.gif -&gt; D:\Nexpaq\xamarin-mobile-application-sisko\NexpaqCore\ModuwareApiReferenceDocs\Working\Output\Website\icons\protextension.gif
C:\Program Files (x86)\EWSoftware\Sandcastle Help File Builder\PresentationStyles\VS2013\icons\protfield.gif -&gt; D:\Nexpaq\xamarin-mobile-application-sisko\NexpaqCore\ModuwareApiReferenceDocs\Working\Output\Website\icons\protfield.gif
C:\Program Files (x86)\EWSoftware\Sandcastle Help File Builder\PresentationStyles\VS2013\icons\protinterface.gif -&gt; D:\Nexpaq\xamarin-mobile-application-sisko\NexpaqCore\ModuwareApiReferenceDocs\Working\Output\Website\icons\protinterface.gif
C:\Program Files (x86)\EWSoftware\Sandcastle Help File Builder\PresentationStyles\VS2013\icons\protmethod.gif -&gt; D:\Nexpaq\xamarin-mobile-application-sisko\NexpaqCore\ModuwareApiReferenceDocs\Working\Output\Website\icons\protmethod.gif
C:\Program Files (x86)\EWSoftware\Sandcastle Help File Builder\PresentationStyles\VS2013\icons\protoperator.gif -&gt; D:\Nexpaq\xamarin-mobile-application-sisko\NexpaqCore\ModuwareApiReferenceDocs\Working\Output\Website\icons\protoperator.gif
C:\Program Files (x86)\EWSoftware\Sandcastle Help File Builder\PresentationStyles\VS2013\icons\protproperty.gif -&gt; D:\Nexpaq\xamarin-mobile-application-sisko\NexpaqCore\ModuwareApiReferenceDocs\Working\Output\Website\icons\protproperty.gif
C:\Program Files (x86)\EWSoftware\Sandcastle Help File Builder\PresentationStyles\VS2013\icons\protstructure.gif -&gt; D:\Nexpaq\xamarin-mobile-application-sisko\NexpaqCore\ModuwareApiReferenceDocs\Working\Output\Website\icons\protstructure.gif
C:\Program Files (x86)\EWSoftware\Sandcastle Help File Builder\PresentationStyles\VS2013\icons\pubclass.gif -&gt; D:\Nexpaq\xamarin-mobile-application-sisko\NexpaqCore\ModuwareApiReferenceDocs\Working\Output\Website\icons\pubclass.gif
C:\Program Files (x86)\EWSoftware\Sandcastle Help File Builder\PresentationStyles\VS2013\icons\pubdelegate.gif -&gt; D:\Nexpaq\xamarin-mobile-application-sisko\NexpaqCore\ModuwareApiReferenceDocs\Working\Output\Website\icons\pubdelegate.gif
C:\Program Files (x86)\EWSoftware\Sandcastle Help File Builder\PresentationStyles\VS2013\icons\pubenumeration.gif -&gt; D:\Nexpaq\xamarin-mobile-application-sisko\NexpaqCore\ModuwareApiReferenceDocs\Working\Output\Website\icons\pubenumeration.gif
C:\Program Files (x86)\EWSoftware\Sandcastle Help File Builder\PresentationStyles\VS2013\icons\pubevent.gif -&gt; D:\Nexpaq\xamarin-mobile-application-sisko\NexpaqCore\ModuwareApiReferenceDocs\Working\Output\Website\icons\pubevent.gif
C:\Program Files (x86)\EWSoftware\Sandcastle Help File Builder\PresentationStyles\VS2013\icons\pubextension.gif -&gt; D:\Nexpaq\xamarin-mobile-application-sisko\NexpaqCore\ModuwareApiReferenceDocs\Working\Output\Website\icons\pubextension.gif
C:\Program Files (x86)\EWSoftware\Sandcastle Help File Builder\PresentationStyles\VS2013\icons\pubfield.gif -&gt; D:\Nexpaq\xamarin-mobile-application-sisko\NexpaqCore\ModuwareApiReferenceDocs\Working\Output\Website\icons\pubfield.gif
C:\Program Files (x86)\EWSoftware\Sandcastle Help File Builder\PresentationStyles\VS2013\icons\pubinterface.gif -&gt; D:\Nexpaq\xamarin-mobile-application-sisko\NexpaqCore\ModuwareApiReferenceDocs\Working\Output\Website\icons\pubinterface.gif
C:\Program Files (x86)\EWSoftware\Sandcastle Help File Builder\PresentationStyles\VS2013\icons\pubmethod.gif -&gt; D:\Nexpaq\xamarin-mobile-application-sisko\NexpaqCore\ModuwareApiReferenceDocs\Working\Output\Website\icons\pubmethod.gif
C:\Program Files (x86)\EWSoftware\Sandcastle Help File Builder\PresentationStyles\VS2013\icons\puboperator.gif -&gt; D:\Nexpaq\xamarin-mobile-application-sisko\NexpaqCore\ModuwareApiReferenceDocs\Working\Output\Website\icons\puboperator.gif
C:\Program Files (x86)\EWSoftware\Sandcastle Help File Builder\PresentationStyles\VS2013\icons\pubproperty.gif -&gt; D:\Nexpaq\xamarin-mobile-application-sisko\NexpaqCore\ModuwareApiReferenceDocs\Working\Output\Website\icons\pubproperty.gif
C:\Program Files (x86)\EWSoftware\Sandcastle Help File Builder\PresentationStyles\VS2013\icons\pubstructure.gif -&gt; D:\Nexpaq\xamarin-mobile-application-sisko\NexpaqCore\ModuwareApiReferenceDocs\Working\Output\Website\icons\pubstructure.gif
C:\Program Files (x86)\EWSoftware\Sandcastle Help File Builder\PresentationStyles\VS2013\icons\SectionCollapsed.png -&gt; D:\Nexpaq\xamarin-mobile-application-sisko\NexpaqCore\ModuwareApiReferenceDocs\Working\Output\Website\icons\SectionCollapsed.png
C:\Program Files (x86)\EWSoftware\Sandcastle Help File Builder\PresentationStyles\VS2013\icons\SectionExpanded.png -&gt; D:\Nexpaq\xamarin-mobile-application-sisko\NexpaqCore\ModuwareApiReferenceDocs\Working\Output\Website\icons\SectionExpanded.png
C:\Program Files (x86)\EWSoftware\Sandcastle Help File Builder\PresentationStyles\VS2013\icons\slMobile.gif -&gt; D:\Nexpaq\xamarin-mobile-application-sisko\NexpaqCore\ModuwareApiReferenceDocs\Working\Output\Website\icons\slMobile.gif
C:\Program Files (x86)\EWSoftware\Sandcastle Help File Builder\PresentationStyles\VS2013\icons\static.gif -&gt; D:\Nexpaq\xamarin-mobile-application-sisko\NexpaqCore\ModuwareApiReferenceDocs\Working\Output\Website\icons\static.gif
C:\Program Files (x86)\EWSoftware\Sandcastle Help File Builder\PresentationStyles\VS2013\icons\xna.gif -&gt; D:\Nexpaq\xamarin-mobile-application-sisko\NexpaqCore\ModuwareApiReferenceDocs\Working\Output\Website\icons\xna.gif
C:\Program Files (x86)\EWSoftware\Sandcastle Help File Builder\PresentationStyles\VS2013\scripts\branding.js -&gt; D:\Nexpaq\xamarin-mobile-application-sisko\NexpaqCore\ModuwareApiReferenceDocs\Working\Output\Website\scripts\branding.js
C:\Program Files (x86)\EWSoftware\Sandcastle Help File Builder\PresentationStyles\VS2013\styles\branding-cs-CZ.css -&gt; D:\Nexpaq\xamarin-mobile-application-sisko\NexpaqCore\ModuwareApiReferenceDocs\Working\Output\Website\styles\branding-cs-CZ.css
C:\Program Files (x86)\EWSoftware\Sandcastle Help File Builder\PresentationStyles\VS2013\styles\branding-de-DE.css -&gt; D:\Nexpaq\xamarin-mobile-application-sisko\NexpaqCore\ModuwareApiReferenceDocs\Working\Output\Website\styles\branding-de-DE.css
C:\Program Files (x86)\EWSoftware\Sandcastle Help File Builder\PresentationStyles\VS2013\styles\branding-en-US.css -&gt; D:\Nexpaq\xamarin-mobile-application-sisko\NexpaqCore\ModuwareApiReferenceDocs\Working\Output\Website\styles\branding-en-US.css
C:\Program Files (x86)\EWSoftware\Sandcastle Help File Builder\PresentationStyles\VS2013\styles\branding-es-ES.css -&gt; D:\Nexpaq\xamarin-mobile-application-sisko\NexpaqCore\ModuwareApiReferenceDocs\Working\Output\Website\styles\branding-es-ES.css
C:\Program Files (x86)\EWSoftware\Sandcastle Help File Builder\PresentationStyles\VS2013\styles\branding-fr-FR.css -&gt; D:\Nexpaq\xamarin-mobile-application-sisko\NexpaqCore\ModuwareApiReferenceDocs\Working\Output\Website\styles\branding-fr-FR.css
C:\Program Files (x86)\EWSoftware\Sandcastle Help File Builder\PresentationStyles\VS2013\styles\branding-Help1.css -&gt; D:\Nexpaq\xamarin-mobile-application-sisko\NexpaqCore\ModuwareApiReferenceDocs\Working\Output\Website\styles\branding-Help1.css
C:\Program Files (x86)\EWSoftware\Sandcastle Help File Builder\PresentationStyles\VS2013\styles\branding-HelpViewer.css -&gt; D:\Nexpaq\xamarin-mobile-application-sisko\NexpaqCore\ModuwareApiReferenceDocs\Working\Output\Website\styles\branding-HelpViewer.css
C:\Program Files (x86)\EWSoftware\Sandcastle Help File Builder\PresentationStyles\VS2013\styles\branding-it-IT.css -&gt; D:\Nexpaq\xamarin-mobile-application-sisko\NexpaqCore\ModuwareApiReferenceDocs\Working\Output\Website\styles\branding-it-IT.css
C:\Program Files (x86)\EWSoftware\Sandcastle Help File Builder\PresentationStyles\VS2013\styles\branding-ja-JP.css -&gt; D:\Nexpaq\xamarin-mobile-application-sisko\NexpaqCore\ModuwareApiReferenceDocs\Working\Output\Website\styles\branding-ja-JP.css
C:\Program Files (x86)\EWSoftware\Sandcastle Help File Builder\PresentationStyles\VS2013\styles\branding-ko-KR.css -&gt; D:\Nexpaq\xamarin-mobile-application-sisko\NexpaqCore\ModuwareApiReferenceDocs\Working\Output\Website\styles\branding-ko-KR.css
C:\Program Files (x86)\EWSoftware\Sandcastle Help File Builder\PresentationStyles\VS2013\styles\branding-pl-PL.css -&gt; D:\Nexpaq\xamarin-mobile-application-sisko\NexpaqCore\ModuwareApiReferenceDocs\Working\Output\Website\styles\branding-pl-PL.css
C:\Program Files (x86)\EWSoftware\Sandcastle Help File Builder\PresentationStyles\VS2013\styles\branding-pt-BR.css -&gt; D:\Nexpaq\xamarin-mobile-application-sisko\NexpaqCore\ModuwareApiReferenceDocs\Working\Output\Website\styles\branding-pt-BR.css
C:\Program Files (x86)\EWSoftware\Sandcastle Help File Builder\PresentationStyles\VS2013\styles\branding-ru-RU.css -&gt; D:\Nexpaq\xamarin-mobile-application-sisko\NexpaqCore\ModuwareApiReferenceDocs\Working\Output\Website\styles\branding-ru-RU.css
C:\Program Files (x86)\EWSoftware\Sandcastle Help File Builder\PresentationStyles\VS2013\styles\branding-tr-TR.css -&gt; D:\Nexpaq\xamarin-mobile-application-sisko\NexpaqCore\ModuwareApiReferenceDocs\Working\Output\Website\styles\branding-tr-TR.css
C:\Program Files (x86)\EWSoftware\Sandcastle Help File Builder\PresentationStyles\VS2013\styles\branding-Website.css -&gt; D:\Nexpaq\xamarin-mobile-application-sisko\NexpaqCore\ModuwareApiReferenceDocs\Working\Output\Website\styles\branding-Website.css
C:\Program Files (x86)\EWSoftware\Sandcastle Help File Builder\PresentationStyles\VS2013\styles\branding-zh-CN.css -&gt; D:\Nexpaq\xamarin-mobile-application-sisko\NexpaqCore\ModuwareApiReferenceDocs\Working\Output\Website\styles\branding-zh-CN.css
C:\Program Files (x86)\EWSoftware\Sandcastle Help File Builder\PresentationStyles\VS2013\styles\branding-zh-TW.css -&gt; D:\Nexpaq\xamarin-mobile-application-sisko\NexpaqCore\ModuwareApiReferenceDocs\Working\Output\Website\styles\branding-zh-TW.css
C:\Program Files (x86)\EWSoftware\Sandcastle Help File Builder\PresentationStyles\VS2013\styles\branding.css -&gt; D:\Nexpaq\xamarin-mobile-application-sisko\NexpaqCore\ModuwareApiReferenceDocs\Working\Output\Website\styles\branding.css
C:\Program Files (x86)\EWSoftware\Sandcastle Help File Builder\PresentationStyles\VS2013\Web\index.html -&gt; D:\Nexpaq\xamarin-mobile-application-sisko\NexpaqCore\ModuwareApiReferenceDocs\Working\Output\Website\index.html
C:\Program Files (x86)\EWSoftware\Sandcastle Help File Builder\PresentationStyles\VS2013\Web\search.html -&gt; D:\Nexpaq\xamarin-mobile-application-sisko\NexpaqCore\ModuwareApiReferenceDocs\Working\Output\Website\search.html
C:\Program Files (x86)\EWSoftware\Sandcastle Help File Builder\PresentationStyles\VS2013\Web\SearchHelp.aspx -&gt; D:\Nexpaq\xamarin-mobile-application-sisko\NexpaqCore\ModuwareApiReferenceDocs\Working\Output\Website\SearchHelp.aspx
C:\Program Files (x86)\EWSoftware\Sandcastle Help File Builder\PresentationStyles\VS2013\Web\SearchHelp.inc.php -&gt; D:\Nexpaq\xamarin-mobile-application-sisko\NexpaqCore\ModuwareApiReferenceDocs\Working\Output\Website\SearchHelp.inc.php
C:\Program Files (x86)\EWSoftware\Sandcastle Help File Builder\PresentationStyles\VS2013\Web\SearchHelp.php -&gt; D:\Nexpaq\xamarin-mobile-application-sisko\NexpaqCore\ModuwareApiReferenceDocs\Working\Output\Website\SearchHelp.php
C:\Program Files (x86)\EWSoftware\Sandcastle Help File Builder\PresentationStyles\VS2013\Web\Web.Config -&gt; D:\Nexpaq\xamarin-mobile-application-sisko\NexpaqCore\ModuwareApiReferenceDocs\Working\Output\Website\Web.Config
C:\Program Files (x86)\EWSoftware\Sandcastle Help File Builder\PresentationStyles\VS2013\Web\html\GeneralError.htm -&gt; D:\Nexpaq\xamarin-mobile-application-sisko\NexpaqCore\ModuwareApiReferenceDocs\Working\Output\Website\html\GeneralError.htm
C:\Program Files (x86)\EWSoftware\Sandcastle Help File Builder\PresentationStyles\VS2013\Web\html\PageNotFound.htm -&gt; D:\Nexpaq\xamarin-mobile-application-sisko\NexpaqCore\ModuwareApiReferenceDocs\Working\Output\Website\html\PageNotFound.htm
C:\Program Files (x86)\EWSoftware\Sandcastle Help File Builder\PresentationStyles\VS2013\Web\icons\Search.png -&gt; D:\Nexpaq\xamarin-mobile-application-sisko\NexpaqCore\ModuwareApiReferenceDocs\Working\Output\Website\icons\Search.png
C:\Program Files (x86)\EWSoftware\Sandcastle Help File Builder\PresentationStyles\VS2013\Web\icons\TocClose.gif -&gt; D:\Nexpaq\xamarin-mobile-application-sisko\NexpaqCore\ModuwareApiReferenceDocs\Working\Output\Website\icons\TocClose.gif
C:\Program Files (x86)\EWSoftware\Sandcastle Help File Builder\PresentationStyles\VS2013\Web\icons\TocCollapsed.gif -&gt; D:\Nexpaq\xamarin-mobile-application-sisko\NexpaqCore\ModuwareApiReferenceDocs\Working\Output\Website\icons\TocCollapsed.gif
C:\Program Files (x86)\EWSoftware\Sandcastle Help File Builder\PresentationStyles\VS2013\Web\icons\TocExpanded.gif -&gt; D:\Nexpaq\xamarin-mobile-application-sisko\NexpaqCore\ModuwareApiReferenceDocs\Working\Output\Website\icons\TocExpanded.gif
C:\Program Files (x86)\EWSoftware\Sandcastle Help File Builder\PresentationStyles\VS2013\Web\icons\TocOpen.gif -&gt; D:\Nexpaq\xamarin-mobile-application-sisko\NexpaqCore\ModuwareApiReferenceDocs\Working\Output\Website\icons\TocOpen.gif
C:\Program Files (x86)\EWSoftware\Sandcastle Help File Builder\PresentationStyles\VS2013\Web\scripts\branding-Website.js -&gt; D:\Nexpaq\xamarin-mobile-application-sisko\NexpaqCore\ModuwareApiReferenceDocs\Working\Output\Website\scripts\branding-Website.js
C:\Program Files (x86)\EWSoftware\Sandcastle Help File Builder\PresentationStyles\VS2013\Web\scripts\clipboard.min.js -&gt; D:\Nexpaq\xamarin-mobile-application-sisko\NexpaqCore\ModuwareApiReferenceDocs\Working\Output\Website\scripts\clipboard.min.js
C:\Program Files (x86)\EWSoftware\Sandcastle Help File Builder\PresentationStyles\VS2013\Web\scripts\jquery-1.11.0.min.js -&gt; D:\Nexpaq\xamarin-mobile-application-sisko\NexpaqCore\ModuwareApiReferenceDocs\Working\Output\Website\scripts\jquery-1.11.0.min.js
    Last step completed in 00:00:01.0563
</buildStep>
<buildStep step="GenerateHelpFormatTableOfContents">
Generating website table of contents file...
    Last step completed in 00:00:00.0010
</buildStep>
<buildStep step="GenerateFullTextIndex">
Generating full-text index for the website...

<plugIn name="Lightweight Website Style" behavior="After" priority="1000">
Adding lightweight search and TOC elements to each topic...
</plugIn>    Last step completed in 00:00:03.4490
</buildStep>
<buildStep step="CopyingWebsiteFiles">
Copying website files to output folder...

Copied 365 files for the website content
    Last step completed in 00:00:01.8400
</buildStep>
<buildStep step="CleanIntermediates">
Removing intermediate files...
    Last step completed in 00:00:00.1390
</buildStep>
<buildStep step="Completed">

Build completed successfully at 7/11/2018 12:42:59 PM.  Total time: 00:00:28.1292

</buildStep>
</shfbBuild>
